[2019-11-27 16:32:44] local.ERROR: SQLSTATE[HY000] [1045] Access denied for user 'root'@'localhost' (using password: YES) (SQL: select * from information_schema.tables where table_schema = uplApp and table_name = migrations and table_type = 'BASE TABLE') {"exception":"[object] (Illuminate\\Database\\QueryException(code: 1045): SQLSTATE[HY000] [1045] Access denied for user 'root'@'localhost' (using password: YES) (SQL: select * from information_schema.tables where table_schema = uplApp and table_name = migrations and table_type = 'BASE TABLE') at C:\\wamp64\\www\\uplApp\\vendor\\laravel\\framework\\src\\Illuminate\\Database\\Connection.php:665)
[stacktrace]
#0 C:\\wamp64\\www\\uplApp\\vendor\\laravel\\framework\\src\\Illuminate\\Database\\Connection.php(625): Illuminate\\Database\\Connection->runQueryCallback('select * from i...', Array, Object(Closure))
#1 C:\\wamp64\\www\\uplApp\\vendor\\laravel\\framework\\src\\Illuminate\\Database\\Connection.php(334): Illuminate\\Database\\Connection->run('select * from i...', Array, Object(Closure))
#2 C:\\wamp64\\www\\uplApp\\vendor\\laravel\\framework\\src\\Illuminate\\Database\\Schema\\MySqlBuilder.php(18): Illuminate\\Database\\Connection->select('select * from i...', Array)
#3 C:\\wamp64\\www\\uplApp\\vendor\\laravel\\framework\\src\\Illuminate\\Database\\Migrations\\DatabaseMigrationRepository.php(169): Illuminate\\Database\\Schema\\MySqlBuilder->hasTable('migrations')
#4 C:\\wamp64\\www\\uplApp\\vendor\\laravel\\framework\\src\\Illuminate\\Database\\Migrations\\Migrator.php(585): Illuminate\\Database\\Migrations\\DatabaseMigrationRepository->repositoryExists()
#5 C:\\wamp64\\www\\uplApp\\vendor\\laravel\\framework\\src\\Illuminate\\Database\\Console\\Migrations\\MigrateCommand.php(91): Illuminate\\Database\\Migrations\\Migrator->repositoryExists()
#6 C:\\wamp64\\www\\uplApp\\vendor\\laravel\\framework\\src\\Illuminate\\Database\\Console\\Migrations\\MigrateCommand.php(63): Illuminate\\Database\\Console\\Migrations\\MigrateCommand->prepareDatabase()
#7 [internal function]: Illuminate\\Database\\Console\\Migrations\\MigrateCommand->handle()
#8 C:\\wamp64\\www\\uplApp\\vendor\\laravel\\framework\\src\\Illuminate\\Container\\BoundMethod.php(32): call_user_func_array(Array, Array)
#9 C:\\wamp64\\www\\uplApp\\vendor\\laravel\\framework\\src\\Illuminate\\Container\\Util.php(34): Illuminate\\Container\\BoundMethod::Illuminate\\Container\\{closure}()
#10 C:\\wamp64\\www\\uplApp\\vendor\\laravel\\framework\\src\\Illuminate\\Container\\BoundMethod.php(90): Illuminate\\Container\\Util::unwrapIfClosure(Object(Closure))
#11 C:\\wamp64\\www\\uplApp\\vendor\\laravel\\framework\\src\\Illuminate\\Container\\BoundMethod.php(34): Illuminate\\Container\\BoundMethod::callBoundMethod(Object(Illuminate\\Foundation\\Application), Array, Object(Closure))
#12 C:\\wamp64\\www\\uplApp\\vendor\\laravel\\framework\\src\\Illuminate\\Container\\Container.php(590): Illuminate\\Container\\BoundMethod::call(Object(Illuminate\\Foundation\\Application), Array, Array, NULL)
#13 C:\\wamp64\\www\\uplApp\\vendor\\laravel\\framework\\src\\Illuminate\\Console\\Command.php(202): Illuminate\\Container\\Container->call(Array)
#14 C:\\wamp64\\www\\uplApp\\vendor\\symfony\\console\\Command\\Command.php(255): Illuminate\\Console\\Command->execute(Object(Symfony\\Component\\Console\\Input\\ArgvInput), Object(Illuminate\\Console\\OutputStyle))
#15 C:\\wamp64\\www\\uplApp\\vendor\\laravel\\framework\\src\\Illuminate\\Console\\Command.php(189): Symfony\\Component\\Console\\Command\\Command->run(Object(Symfony\\Component\\Console\\Input\\ArgvInput), Object(Illuminate\\Console\\OutputStyle))
#16 C:\\wamp64\\www\\uplApp\\vendor\\symfony\\console\\Application.php(1011): Illuminate\\Console\\Command->run(Object(Symfony\\Component\\Console\\Input\\ArgvInput), Object(Symfony\\Component\\Console\\Output\\ConsoleOutput))
#17 C:\\wamp64\\www\\uplApp\\vendor\\symfony\\console\\Application.php(272): Symfony\\Component\\Console\\Application->doRunCommand(Object(Illuminate\\Database\\Console\\Migrations\\MigrateCommand), Object(Symfony\\Component\\Console\\Input\\ArgvInput), Object(Symfony\\Component\\Console\\Output\\ConsoleOutput))
#18 C:\\wamp64\\www\\uplApp\\vendor\\symfony\\console\\Application.php(148): Symfony\\Component\\Console\\Application->doRun(Object(Symfony\\Component\\Console\\Input\\ArgvInput), Object(Symfony\\Component\\Console\\Output\\ConsoleOutput))
#19 C:\\wamp64\\www\\uplApp\\vendor\\laravel\\framework\\src\\Illuminate\\Console\\Application.php(90): Symfony\\Component\\Console\\Application->run(Object(Symfony\\Component\\Console\\Input\\ArgvInput), Object(Symfony\\Component\\Console\\Output\\ConsoleOutput))
#20 C:\\wamp64\\www\\uplApp\\vendor\\laravel\\framework\\src\\Illuminate\\Foundation\\Console\\Kernel.php(131): Illuminate\\Console\\Application->run(Object(Symfony\\Component\\Console\\Input\\ArgvInput), Object(Symfony\\Component\\Console\\Output\\ConsoleOutput))
#21 C:\\wamp64\\www\\uplApp\\artisan(37): Illuminate\\Foundation\\Console\\Kernel->handle(Object(Symfony\\Component\\Console\\Input\\ArgvInput), Object(Symfony\\Component\\Console\\Output\\ConsoleOutput))
#22 {main}

[previous exception] [object] (PDOException(code: 1045): SQLSTATE[HY000] [1045] Access denied for user 'root'@'localhost' (using password: YES) at C:\\wamp64\\www\\uplApp\\vendor\\laravel\\framework\\src\\Illuminate\\Database\\Connectors\\Connector.php:70)
[stacktrace]
#0 C:\\wamp64\\www\\uplApp\\vendor\\laravel\\framework\\src\\Illuminate\\Database\\Connectors\\Connector.php(70): PDO->__construct('mysql:host=127....', 'root', 'ayomide', Array)
#1 C:\\wamp64\\www\\uplApp\\vendor\\laravel\\framework\\src\\Illuminate\\Database\\Connectors\\Connector.php(46): Illuminate\\Database\\Connectors\\Connector->createPdoConnection('mysql:host=127....', 'root', 'ayomide', Array)
#2 C:\\wamp64\\www\\uplApp\\vendor\\laravel\\framework\\src\\Illuminate\\Database\\Connectors\\MySqlConnector.php(24): Illuminate\\Database\\Connectors\\Connector->createConnection('mysql:host=127....', Array, Array)
#3 C:\\wamp64\\www\\uplApp\\vendor\\laravel\\framework\\src\\Illuminate\\Database\\Connectors\\ConnectionFactory.php(182): Illuminate\\Database\\Connectors\\MySqlConnector->connect(Array)
#4 [internal function]: Illuminate\\Database\\Connectors\\ConnectionFactory->Illuminate\\Database\\Connectors\\{closure}()
#5 C:\\wamp64\\www\\uplApp\\vendor\\laravel\\framework\\src\\Illuminate\\Database\\Connection.php(920): call_user_func(Object(Closure))
#6 C:\\wamp64\\www\\uplApp\\vendor\\laravel\\framework\\src\\Illuminate\\Database\\Connection.php(945): Illuminate\\Database\\Connection->getPdo()
#7 C:\\wamp64\\www\\uplApp\\vendor\\laravel\\framework\\src\\Illuminate\\Database\\Connection.php(400): Illuminate\\Database\\Connection->getReadPdo()
#8 C:\\wamp64\\www\\uplApp\\vendor\\laravel\\framework\\src\\Illuminate\\Database\\Connection.php(326): Illuminate\\Database\\Connection->getPdoForSelect(true)
#9 C:\\wamp64\\www\\uplApp\\vendor\\laravel\\framework\\src\\Illuminate\\Database\\Connection.php(658): Illuminate\\Database\\Connection->Illuminate\\Database\\{closure}('select * from i...', Array)
#10 C:\\wamp64\\www\\uplApp\\vendor\\laravel\\framework\\src\\Illuminate\\Database\\Connection.php(625): Illuminate\\Database\\Connection->runQueryCallback('select * from i...', Array, Object(Closure))
#11 C:\\wamp64\\www\\uplApp\\vendor\\laravel\\framework\\src\\Illuminate\\Database\\Connection.php(334): Illuminate\\Database\\Connection->run('select * from i...', Array, Object(Closure))
#12 C:\\wamp64\\www\\uplApp\\vendor\\laravel\\framework\\src\\Illuminate\\Database\\Schema\\MySqlBuilder.php(18): Illuminate\\Database\\Connection->select('select * from i...', Array)
#13 C:\\wamp64\\www\\uplApp\\vendor\\laravel\\framework\\src\\Illuminate\\Database\\Migrations\\DatabaseMigrationRepository.php(169): Illuminate\\Database\\Schema\\MySqlBuilder->hasTable('migrations')
#14 C:\\wamp64\\www\\uplApp\\vendor\\laravel\\framework\\src\\Illuminate\\Database\\Migrations\\Migrator.php(585): Illuminate\\Database\\Migrations\\DatabaseMigrationRepository->repositoryExists()
#15 C:\\wamp64\\www\\uplApp\\vendor\\laravel\\framework\\src\\Illuminate\\Database\\Console\\Migrations\\MigrateCommand.php(91): Illuminate\\Database\\Migrations\\Migrator->repositoryExists()
#16 C:\\wamp64\\www\\uplApp\\vendor\\laravel\\framework\\src\\Illuminate\\Database\\Console\\Migrations\\MigrateCommand.php(63): Illuminate\\Database\\Console\\Migrations\\MigrateCommand->prepareDatabase()
#17 [internal function]: Illuminate\\Database\\Console\\Migrations\\MigrateCommand->handle()
#18 C:\\wamp64\\www\\uplApp\\vendor\\laravel\\framework\\src\\Illuminate\\Container\\BoundMethod.php(32): call_user_func_array(Array, Array)
#19 C:\\wamp64\\www\\uplApp\\vendor\\laravel\\framework\\src\\Illuminate\\Container\\Util.php(34): Illuminate\\Container\\BoundMethod::Illuminate\\Container\\{closure}()
#20 C:\\wamp64\\www\\uplApp\\vendor\\laravel\\framework\\src\\Illuminate\\Container\\BoundMethod.php(90): Illuminate\\Container\\Util::unwrapIfClosure(Object(Closure))
#21 C:\\wamp64\\www\\uplApp\\vendor\\laravel\\framework\\src\\Illuminate\\Container\\BoundMethod.php(34): Illuminate\\Container\\BoundMethod::callBoundMethod(Object(Illuminate\\Foundation\\Application), Array, Object(Closure))
#22 C:\\wamp64\\www\\uplApp\\vendor\\laravel\\framework\\src\\Illuminate\\Container\\Container.php(590): Illuminate\\Container\\BoundMethod::call(Object(Illuminate\\Foundation\\Application), Array, Array, NULL)
#23 C:\\wamp64\\www\\uplApp\\vendor\\laravel\\framework\\src\\Illuminate\\Console\\Command.php(202): Illuminate\\Container\\Container->call(Array)
#24 C:\\wamp64\\www\\uplApp\\vendor\\symfony\\console\\Command\\Command.php(255): Illuminate\\Console\\Command->execute(Object(Symfony\\Component\\Console\\Input\\ArgvInput), Object(Illuminate\\Console\\OutputStyle))
#25 C:\\wamp64\\www\\uplApp\\vendor\\laravel\\framework\\src\\Illuminate\\Console\\Command.php(189): Symfony\\Component\\Console\\Command\\Command->run(Object(Symfony\\Component\\Console\\Input\\ArgvInput), Object(Illuminate\\Console\\OutputStyle))
#26 C:\\wamp64\\www\\uplApp\\vendor\\symfony\\console\\Application.php(1011): Illuminate\\Console\\Command->run(Object(Symfony\\Component\\Console\\Input\\ArgvInput), Object(Symfony\\Component\\Console\\Output\\ConsoleOutput))
#27 C:\\wamp64\\www\\uplApp\\vendor\\symfony\\console\\Application.php(272): Symfony\\Component\\Console\\Application->doRunCommand(Object(Illuminate\\Database\\Console\\Migrations\\MigrateCommand), Object(Symfony\\Component\\Console\\Input\\ArgvInput), Object(Symfony\\Component\\Console\\Output\\ConsoleOutput))
#28 C:\\wamp64\\www\\uplApp\\vendor\\symfony\\console\\Application.php(148): Symfony\\Component\\Console\\Application->doRun(Object(Symfony\\Component\\Console\\Input\\ArgvInput), Object(Symfony\\Component\\Console\\Output\\ConsoleOutput))
#29 C:\\wamp64\\www\\uplApp\\vendor\\laravel\\framework\\src\\Illuminate\\Console\\Application.php(90): Symfony\\Component\\Console\\Application->run(Object(Symfony\\Component\\Console\\Input\\ArgvInput), Object(Symfony\\Component\\Console\\Output\\ConsoleOutput))
#30 C:\\wamp64\\www\\uplApp\\vendor\\laravel\\framework\\src\\Illuminate\\Foundation\\Console\\Kernel.php(131): Illuminate\\Console\\Application->run(Object(Symfony\\Component\\Console\\Input\\ArgvInput), Object(Symfony\\Component\\Console\\Output\\ConsoleOutput))
#31 C:\\wamp64\\www\\uplApp\\artisan(37): Illuminate\\Foundation\\Console\\Kernel->handle(Object(Symfony\\Component\\Console\\Input\\ArgvInput), Object(Symfony\\Component\\Console\\Output\\ConsoleOutput))
#32 {main}
"} 
[2019-11-27 16:34:12] local.ERROR: SQLSTATE[42000]: Syntax error or access violation: 1071 Specified key was too long; max key length is 1000 bytes (SQL: alter table `users` add unique `users_email_unique`(`email`)) {"exception":"[object] (Illuminate\\Database\\QueryException(code: 42000): SQLSTATE[42000]: Syntax error or access violation: 1071 Specified key was too long; max key length is 1000 bytes (SQL: alter table `users` add unique `users_email_unique`(`email`)) at C:\\wamp64\\www\\uplApp\\vendor\\laravel\\framework\\src\\Illuminate\\Database\\Connection.php:665)
[stacktrace]
#0 C:\\wamp64\\www\\uplApp\\vendor\\laravel\\framework\\src\\Illuminate\\Database\\Connection.php(625): Illuminate\\Database\\Connection->runQueryCallback('alter table `us...', Array, Object(Closure))
#1 C:\\wamp64\\www\\uplApp\\vendor\\laravel\\framework\\src\\Illuminate\\Database\\Connection.php(460): Illuminate\\Database\\Connection->run('alter table `us...', Array, Object(Closure))
#2 C:\\wamp64\\www\\uplApp\\vendor\\laravel\\framework\\src\\Illuminate\\Database\\Schema\\Blueprint.php(97): Illuminate\\Database\\Connection->statement('alter table `us...')
#3 C:\\wamp64\\www\\uplApp\\vendor\\laravel\\framework\\src\\Illuminate\\Database\\Schema\\Builder.php(290): Illuminate\\Database\\Schema\\Blueprint->build(Object(Illuminate\\Database\\MySqlConnection), Object(Illuminate\\Database\\Schema\\Grammars\\MySqlGrammar))
#4 C:\\wamp64\\www\\uplApp\\vendor\\laravel\\framework\\src\\Illuminate\\Database\\Schema\\Builder.php(167): Illuminate\\Database\\Schema\\Builder->build(Object(Illuminate\\Database\\Schema\\Blueprint))
#5 C:\\wamp64\\www\\uplApp\\vendor\\laravel\\framework\\src\\Illuminate\\Support\\Facades\\Facade.php(245): Illuminate\\Database\\Schema\\Builder->create('users', Object(Closure))
#6 C:\\wamp64\\www\\uplApp\\database\\migrations\\2014_10_12_000000_create_users_table.php(24): Illuminate\\Support\\Facades\\Facade::__callStatic('create', Array)
#7 C:\\wamp64\\www\\uplApp\\vendor\\laravel\\framework\\src\\Illuminate\\Database\\Migrations\\Migrator.php(387): CreateUsersTable->up()
#8 C:\\wamp64\\www\\uplApp\\vendor\\laravel\\framework\\src\\Illuminate\\Database\\Migrations\\Migrator.php(396): Illuminate\\Database\\Migrations\\Migrator->Illuminate\\Database\\Migrations\\{closure}()
#9 C:\\wamp64\\www\\uplApp\\vendor\\laravel\\framework\\src\\Illuminate\\Database\\Migrations\\Migrator.php(197): Illuminate\\Database\\Migrations\\Migrator->runMigration(Object(CreateUsersTable), 'up')
#10 C:\\wamp64\\www\\uplApp\\vendor\\laravel\\framework\\src\\Illuminate\\Database\\Migrations\\Migrator.php(162): Illuminate\\Database\\Migrations\\Migrator->runUp('C:\\\\wamp64\\\\www\\\\u...', 1, false)
#11 C:\\wamp64\\www\\uplApp\\vendor\\laravel\\framework\\src\\Illuminate\\Database\\Migrations\\Migrator.php(109): Illuminate\\Database\\Migrations\\Migrator->runPending(Array, Array)
#12 C:\\wamp64\\www\\uplApp\\vendor\\laravel\\framework\\src\\Illuminate\\Database\\Console\\Migrations\\MigrateCommand.php(71): Illuminate\\Database\\Migrations\\Migrator->run(Array, Array)
#13 [internal function]: Illuminate\\Database\\Console\\Migrations\\MigrateCommand->handle()
#14 C:\\wamp64\\www\\uplApp\\vendor\\laravel\\framework\\src\\Illuminate\\Container\\BoundMethod.php(32): call_user_func_array(Array, Array)
#15 C:\\wamp64\\www\\uplApp\\vendor\\laravel\\framework\\src\\Illuminate\\Container\\Util.php(34): Illuminate\\Container\\BoundMethod::Illuminate\\Container\\{closure}()
#16 C:\\wamp64\\www\\uplApp\\vendor\\laravel\\framework\\src\\Illuminate\\Container\\BoundMethod.php(90): Illuminate\\Container\\Util::unwrapIfClosure(Object(Closure))
#17 C:\\wamp64\\www\\uplApp\\vendor\\laravel\\framework\\src\\Illuminate\\Container\\BoundMethod.php(34): Illuminate\\Container\\BoundMethod::callBoundMethod(Object(Illuminate\\Foundation\\Application), Array, Object(Closure))
#18 C:\\wamp64\\www\\uplApp\\vendor\\laravel\\framework\\src\\Illuminate\\Container\\Container.php(590): Illuminate\\Container\\BoundMethod::call(Object(Illuminate\\Foundation\\Application), Array, Array, NULL)
#19 C:\\wamp64\\www\\uplApp\\vendor\\laravel\\framework\\src\\Illuminate\\Console\\Command.php(202): Illuminate\\Container\\Container->call(Array)
#20 C:\\wamp64\\www\\uplApp\\vendor\\symfony\\console\\Command\\Command.php(255): Illuminate\\Console\\Command->execute(Object(Symfony\\Component\\Console\\Input\\ArgvInput), Object(Illuminate\\Console\\OutputStyle))
#21 C:\\wamp64\\www\\uplApp\\vendor\\laravel\\framework\\src\\Illuminate\\Console\\Command.php(189): Symfony\\Component\\Console\\Command\\Command->run(Object(Symfony\\Component\\Console\\Input\\ArgvInput), Object(Illuminate\\Console\\OutputStyle))
#22 C:\\wamp64\\www\\uplApp\\vendor\\symfony\\console\\Application.php(1011): Illuminate\\Console\\Command->run(Object(Symfony\\Component\\Console\\Input\\ArgvInput), Object(Symfony\\Component\\Console\\Output\\ConsoleOutput))
#23 C:\\wamp64\\www\\uplApp\\vendor\\symfony\\console\\Application.php(272): Symfony\\Component\\Console\\Application->doRunCommand(Object(Illuminate\\Database\\Console\\Migrations\\MigrateCommand), Object(Symfony\\Component\\Console\\Input\\ArgvInput), Object(Symfony\\Component\\Console\\Output\\ConsoleOutput))
#24 C:\\wamp64\\www\\uplApp\\vendor\\symfony\\console\\Application.php(148): Symfony\\Component\\Console\\Application->doRun(Object(Symfony\\Component\\Console\\Input\\ArgvInput), Object(Symfony\\Component\\Console\\Output\\ConsoleOutput))
#25 C:\\wamp64\\www\\uplApp\\vendor\\laravel\\framework\\src\\Illuminate\\Console\\Application.php(90): Symfony\\Component\\Console\\Application->run(Object(Symfony\\Component\\Console\\Input\\ArgvInput), Object(Symfony\\Component\\Console\\Output\\ConsoleOutput))
#26 C:\\wamp64\\www\\uplApp\\vendor\\laravel\\framework\\src\\Illuminate\\Foundation\\Console\\Kernel.php(131): Illuminate\\Console\\Application->run(Object(Symfony\\Component\\Console\\Input\\ArgvInput), Object(Symfony\\Component\\Console\\Output\\ConsoleOutput))
#27 C:\\wamp64\\www\\uplApp\\artisan(37): Illuminate\\Foundation\\Console\\Kernel->handle(Object(Symfony\\Component\\Console\\Input\\ArgvInput), Object(Symfony\\Component\\Console\\Output\\ConsoleOutput))
#28 {main}

[previous exception] [object] (PDOException(code: 42000): SQLSTATE[42000]: Syntax error or access violation: 1071 Specified key was too long; max key length is 1000 bytes at C:\\wamp64\\www\\uplApp\\vendor\\laravel\\framework\\src\\Illuminate\\Database\\Connection.php:459)
[stacktrace]
#0 C:\\wamp64\\www\\uplApp\\vendor\\laravel\\framework\\src\\Illuminate\\Database\\Connection.php(459): PDOStatement->execute()
#1 C:\\wamp64\\www\\uplApp\\vendor\\laravel\\framework\\src\\Illuminate\\Database\\Connection.php(658): Illuminate\\Database\\Connection->Illuminate\\Database\\{closure}('alter table `us...', Array)
#2 C:\\wamp64\\www\\uplApp\\vendor\\laravel\\framework\\src\\Illuminate\\Database\\Connection.php(625): Illuminate\\Database\\Connection->runQueryCallback('alter table `us...', Array, Object(Closure))
#3 C:\\wamp64\\www\\uplApp\\vendor\\laravel\\framework\\src\\Illuminate\\Database\\Connection.php(460): Illuminate\\Database\\Connection->run('alter table `us...', Array, Object(Closure))
#4 C:\\wamp64\\www\\uplApp\\vendor\\laravel\\framework\\src\\Illuminate\\Database\\Schema\\Blueprint.php(97): Illuminate\\Database\\Connection->statement('alter table `us...')
#5 C:\\wamp64\\www\\uplApp\\vendor\\laravel\\framework\\src\\Illuminate\\Database\\Schema\\Builder.php(290): Illuminate\\Database\\Schema\\Blueprint->build(Object(Illuminate\\Database\\MySqlConnection), Object(Illuminate\\Database\\Schema\\Grammars\\MySqlGrammar))
#6 C:\\wamp64\\www\\uplApp\\vendor\\laravel\\framework\\src\\Illuminate\\Database\\Schema\\Builder.php(167): Illuminate\\Database\\Schema\\Builder->build(Object(Illuminate\\Database\\Schema\\Blueprint))
#7 C:\\wamp64\\www\\uplApp\\vendor\\laravel\\framework\\src\\Illuminate\\Support\\Facades\\Facade.php(245): Illuminate\\Database\\Schema\\Builder->create('users', Object(Closure))
#8 C:\\wamp64\\www\\uplApp\\database\\migrations\\2014_10_12_000000_create_users_table.php(24): Illuminate\\Support\\Facades\\Facade::__callStatic('create', Array)
#9 C:\\wamp64\\www\\uplApp\\vendor\\laravel\\framework\\src\\Illuminate\\Database\\Migrations\\Migrator.php(387): CreateUsersTable->up()
#10 C:\\wamp64\\www\\uplApp\\vendor\\laravel\\framework\\src\\Illuminate\\Database\\Migrations\\Migrator.php(396): Illuminate\\Database\\Migrations\\Migrator->Illuminate\\Database\\Migrations\\{closure}()
#11 C:\\wamp64\\www\\uplApp\\vendor\\laravel\\framework\\src\\Illuminate\\Database\\Migrations\\Migrator.php(197): Illuminate\\Database\\Migrations\\Migrator->runMigration(Object(CreateUsersTable), 'up')
#12 C:\\wamp64\\www\\uplApp\\vendor\\laravel\\framework\\src\\Illuminate\\Database\\Migrations\\Migrator.php(162): Illuminate\\Database\\Migrations\\Migrator->runUp('C:\\\\wamp64\\\\www\\\\u...', 1, false)
#13 C:\\wamp64\\www\\uplApp\\vendor\\laravel\\framework\\src\\Illuminate\\Database\\Migrations\\Migrator.php(109): Illuminate\\Database\\Migrations\\Migrator->runPending(Array, Array)
#14 C:\\wamp64\\www\\uplApp\\vendor\\laravel\\framework\\src\\Illuminate\\Database\\Console\\Migrations\\MigrateCommand.php(71): Illuminate\\Database\\Migrations\\Migrator->run(Array, Array)
#15 [internal function]: Illuminate\\Database\\Console\\Migrations\\MigrateCommand->handle()
#16 C:\\wamp64\\www\\uplApp\\vendor\\laravel\\framework\\src\\Illuminate\\Container\\BoundMethod.php(32): call_user_func_array(Array, Array)
#17 C:\\wamp64\\www\\uplApp\\vendor\\laravel\\framework\\src\\Illuminate\\Container\\Util.php(34): Illuminate\\Container\\BoundMethod::Illuminate\\Container\\{closure}()
#18 C:\\wamp64\\www\\uplApp\\vendor\\laravel\\framework\\src\\Illuminate\\Container\\BoundMethod.php(90): Illuminate\\Container\\Util::unwrapIfClosure(Object(Closure))
#19 C:\\wamp64\\www\\uplApp\\vendor\\laravel\\framework\\src\\Illuminate\\Container\\BoundMethod.php(34): Illuminate\\Container\\BoundMethod::callBoundMethod(Object(Illuminate\\Foundation\\Application), Array, Object(Closure))
#20 C:\\wamp64\\www\\uplApp\\vendor\\laravel\\framework\\src\\Illuminate\\Container\\Container.php(590): Illuminate\\Container\\BoundMethod::call(Object(Illuminate\\Foundation\\Application), Array, Array, NULL)
#21 C:\\wamp64\\www\\uplApp\\vendor\\laravel\\framework\\src\\Illuminate\\Console\\Command.php(202): Illuminate\\Container\\Container->call(Array)
#22 C:\\wamp64\\www\\uplApp\\vendor\\symfony\\console\\Command\\Command.php(255): Illuminate\\Console\\Command->execute(Object(Symfony\\Component\\Console\\Input\\ArgvInput), Object(Illuminate\\Console\\OutputStyle))
#23 C:\\wamp64\\www\\uplApp\\vendor\\laravel\\framework\\src\\Illuminate\\Console\\Command.php(189): Symfony\\Component\\Console\\Command\\Command->run(Object(Symfony\\Component\\Console\\Input\\ArgvInput), Object(Illuminate\\Console\\OutputStyle))
#24 C:\\wamp64\\www\\uplApp\\vendor\\symfony\\console\\Application.php(1011): Illuminate\\Console\\Command->run(Object(Symfony\\Component\\Console\\Input\\ArgvInput), Object(Symfony\\Component\\Console\\Output\\ConsoleOutput))
#25 C:\\wamp64\\www\\uplApp\\vendor\\symfony\\console\\Application.php(272): Symfony\\Component\\Console\\Application->doRunCommand(Object(Illuminate\\Database\\Console\\Migrations\\MigrateCommand), Object(Symfony\\Component\\Console\\Input\\ArgvInput), Object(Symfony\\Component\\Console\\Output\\ConsoleOutput))
#26 C:\\wamp64\\www\\uplApp\\vendor\\symfony\\console\\Application.php(148): Symfony\\Component\\Console\\Application->doRun(Object(Symfony\\Component\\Console\\Input\\ArgvInput), Object(Symfony\\Component\\Console\\Output\\ConsoleOutput))
#27 C:\\wamp64\\www\\uplApp\\vendor\\laravel\\framework\\src\\Illuminate\\Console\\Application.php(90): Symfony\\Component\\Console\\Application->run(Object(Symfony\\Component\\Console\\Input\\ArgvInput), Object(Symfony\\Component\\Console\\Output\\ConsoleOutput))
#28 C:\\wamp64\\www\\uplApp\\vendor\\laravel\\framework\\src\\Illuminate\\Foundation\\Console\\Kernel.php(131): Illuminate\\Console\\Application->run(Object(Symfony\\Component\\Console\\Input\\ArgvInput), Object(Symfony\\Component\\Console\\Output\\ConsoleOutput))
#29 C:\\wamp64\\www\\uplApp\\artisan(37): Illuminate\\Foundation\\Console\\Kernel->handle(Object(Symfony\\Component\\Console\\Input\\ArgvInput), Object(Symfony\\Component\\Console\\Output\\ConsoleOutput))
#30 {main}
"} 
[2019-11-27 16:34:57] local.ERROR: SQLSTATE[42S01]: Base table or view already exists: 1050 Table 'users' already exists (SQL: create table `users` (`id` bigint unsigned not null auto_increment primary key, `name` varchar(255) not null, `email` varchar(255) not null, `email_verified_at` timestamp null, `password` varchar(255) not null, `remember_token` varchar(100) null, `created_at` timestamp null, `updated_at` timestamp null) default character set utf8mb4 collate 'utf8mb4_unicode_ci') {"exception":"[object] (Illuminate\\Database\\QueryException(code: 42S01): SQLSTATE[42S01]: Base table or view already exists: 1050 Table 'users' already exists (SQL: create table `users` (`id` bigint unsigned not null auto_increment primary key, `name` varchar(255) not null, `email` varchar(255) not null, `email_verified_at` timestamp null, `password` varchar(255) not null, `remember_token` varchar(100) null, `created_at` timestamp null, `updated_at` timestamp null) default character set utf8mb4 collate 'utf8mb4_unicode_ci') at C:\\wamp64\\www\\uplApp\\vendor\\laravel\\framework\\src\\Illuminate\\Database\\Connection.php:665)
[stacktrace]
#0 C:\\wamp64\\www\\uplApp\\vendor\\laravel\\framework\\src\\Illuminate\\Database\\Connection.php(625): Illuminate\\Database\\Connection->runQueryCallback('create table `u...', Array, Object(Closure))
#1 C:\\wamp64\\www\\uplApp\\vendor\\laravel\\framework\\src\\Illuminate\\Database\\Connection.php(460): Illuminate\\Database\\Connection->run('create table `u...', Array, Object(Closure))
#2 C:\\wamp64\\www\\uplApp\\vendor\\laravel\\framework\\src\\Illuminate\\Database\\Schema\\Blueprint.php(97): Illuminate\\Database\\Connection->statement('create table `u...')
#3 C:\\wamp64\\www\\uplApp\\vendor\\laravel\\framework\\src\\Illuminate\\Database\\Schema\\Builder.php(290): Illuminate\\Database\\Schema\\Blueprint->build(Object(Illuminate\\Database\\MySqlConnection), Object(Illuminate\\Database\\Schema\\Grammars\\MySqlGrammar))
#4 C:\\wamp64\\www\\uplApp\\vendor\\laravel\\framework\\src\\Illuminate\\Database\\Schema\\Builder.php(167): Illuminate\\Database\\Schema\\Builder->build(Object(Illuminate\\Database\\Schema\\Blueprint))
#5 C:\\wamp64\\www\\uplApp\\vendor\\laravel\\framework\\src\\Illuminate\\Support\\Facades\\Facade.php(245): Illuminate\\Database\\Schema\\Builder->create('users', Object(Closure))
#6 C:\\wamp64\\www\\uplApp\\database\\migrations\\2014_10_12_000000_create_users_table.php(24): Illuminate\\Support\\Facades\\Facade::__callStatic('create', Array)
#7 C:\\wamp64\\www\\uplApp\\vendor\\laravel\\framework\\src\\Illuminate\\Database\\Migrations\\Migrator.php(387): CreateUsersTable->up()
#8 C:\\wamp64\\www\\uplApp\\vendor\\laravel\\framework\\src\\Illuminate\\Database\\Migrations\\Migrator.php(396): Illuminate\\Database\\Migrations\\Migrator->Illuminate\\Database\\Migrations\\{closure}()
#9 C:\\wamp64\\www\\uplApp\\vendor\\laravel\\framework\\src\\Illuminate\\Database\\Migrations\\Migrator.php(197): Illuminate\\Database\\Migrations\\Migrator->runMigration(Object(CreateUsersTable), 'up')
#10 C:\\wamp64\\www\\uplApp\\vendor\\laravel\\framework\\src\\Illuminate\\Database\\Migrations\\Migrator.php(162): Illuminate\\Database\\Migrations\\Migrator->runUp('C:\\\\wamp64\\\\www\\\\u...', 1, false)
#11 C:\\wamp64\\www\\uplApp\\vendor\\laravel\\framework\\src\\Illuminate\\Database\\Migrations\\Migrator.php(109): Illuminate\\Database\\Migrations\\Migrator->runPending(Array, Array)
#12 C:\\wamp64\\www\\uplApp\\vendor\\laravel\\framework\\src\\Illuminate\\Database\\Console\\Migrations\\MigrateCommand.php(71): Illuminate\\Database\\Migrations\\Migrator->run(Array, Array)
#13 [internal function]: Illuminate\\Database\\Console\\Migrations\\MigrateCommand->handle()
#14 C:\\wamp64\\www\\uplApp\\vendor\\laravel\\framework\\src\\Illuminate\\Container\\BoundMethod.php(32): call_user_func_array(Array, Array)
#15 C:\\wamp64\\www\\uplApp\\vendor\\laravel\\framework\\src\\Illuminate\\Container\\Util.php(34): Illuminate\\Container\\BoundMethod::Illuminate\\Container\\{closure}()
#16 C:\\wamp64\\www\\uplApp\\vendor\\laravel\\framework\\src\\Illuminate\\Container\\BoundMethod.php(90): Illuminate\\Container\\Util::unwrapIfClosure(Object(Closure))
#17 C:\\wamp64\\www\\uplApp\\vendor\\laravel\\framework\\src\\Illuminate\\Container\\BoundMethod.php(34): Illuminate\\Container\\BoundMethod::callBoundMethod(Object(Illuminate\\Foundation\\Application), Array, Object(Closure))
#18 C:\\wamp64\\www\\uplApp\\vendor\\laravel\\framework\\src\\Illuminate\\Container\\Container.php(590): Illuminate\\Container\\BoundMethod::call(Object(Illuminate\\Foundation\\Application), Array, Array, NULL)
#19 C:\\wamp64\\www\\uplApp\\vendor\\laravel\\framework\\src\\Illuminate\\Console\\Command.php(202): Illuminate\\Container\\Container->call(Array)
#20 C:\\wamp64\\www\\uplApp\\vendor\\symfony\\console\\Command\\Command.php(255): Illuminate\\Console\\Command->execute(Object(Symfony\\Component\\Console\\Input\\ArgvInput), Object(Illuminate\\Console\\OutputStyle))
#21 C:\\wamp64\\www\\uplApp\\vendor\\laravel\\framework\\src\\Illuminate\\Console\\Command.php(189): Symfony\\Component\\Console\\Command\\Command->run(Object(Symfony\\Component\\Console\\Input\\ArgvInput), Object(Illuminate\\Console\\OutputStyle))
#22 C:\\wamp64\\www\\uplApp\\vendor\\symfony\\console\\Application.php(1011): Illuminate\\Console\\Command->run(Object(Symfony\\Component\\Console\\Input\\ArgvInput), Object(Symfony\\Component\\Console\\Output\\ConsoleOutput))
#23 C:\\wamp64\\www\\uplApp\\vendor\\symfony\\console\\Application.php(272): Symfony\\Component\\Console\\Application->doRunCommand(Object(Illuminate\\Database\\Console\\Migrations\\MigrateCommand), Object(Symfony\\Component\\Console\\Input\\ArgvInput), Object(Symfony\\Component\\Console\\Output\\ConsoleOutput))
#24 C:\\wamp64\\www\\uplApp\\vendor\\symfony\\console\\Application.php(148): Symfony\\Component\\Console\\Application->doRun(Object(Symfony\\Component\\Console\\Input\\ArgvInput), Object(Symfony\\Component\\Console\\Output\\ConsoleOutput))
#25 C:\\wamp64\\www\\uplApp\\vendor\\laravel\\framework\\src\\Illuminate\\Console\\Application.php(90): Symfony\\Component\\Console\\Application->run(Object(Symfony\\Component\\Console\\Input\\ArgvInput), Object(Symfony\\Component\\Console\\Output\\ConsoleOutput))
#26 C:\\wamp64\\www\\uplApp\\vendor\\laravel\\framework\\src\\Illuminate\\Foundation\\Console\\Kernel.php(131): Illuminate\\Console\\Application->run(Object(Symfony\\Component\\Console\\Input\\ArgvInput), Object(Symfony\\Component\\Console\\Output\\ConsoleOutput))
#27 C:\\wamp64\\www\\uplApp\\artisan(37): Illuminate\\Foundation\\Console\\Kernel->handle(Object(Symfony\\Component\\Console\\Input\\ArgvInput), Object(Symfony\\Component\\Console\\Output\\ConsoleOutput))
#28 {main}

[previous exception] [object] (PDOException(code: 42S01): SQLSTATE[42S01]: Base table or view already exists: 1050 Table 'users' already exists at C:\\wamp64\\www\\uplApp\\vendor\\laravel\\framework\\src\\Illuminate\\Database\\Connection.php:459)
[stacktrace]
#0 C:\\wamp64\\www\\uplApp\\vendor\\laravel\\framework\\src\\Illuminate\\Database\\Connection.php(459): PDOStatement->execute()
#1 C:\\wamp64\\www\\uplApp\\vendor\\laravel\\framework\\src\\Illuminate\\Database\\Connection.php(658): Illuminate\\Database\\Connection->Illuminate\\Database\\{closure}('create table `u...', Array)
#2 C:\\wamp64\\www\\uplApp\\vendor\\laravel\\framework\\src\\Illuminate\\Database\\Connection.php(625): Illuminate\\Database\\Connection->runQueryCallback('create table `u...', Array, Object(Closure))
#3 C:\\wamp64\\www\\uplApp\\vendor\\laravel\\framework\\src\\Illuminate\\Database\\Connection.php(460): Illuminate\\Database\\Connection->run('create table `u...', Array, Object(Closure))
#4 C:\\wamp64\\www\\uplApp\\vendor\\laravel\\framework\\src\\Illuminate\\Database\\Schema\\Blueprint.php(97): Illuminate\\Database\\Connection->statement('create table `u...')
#5 C:\\wamp64\\www\\uplApp\\vendor\\laravel\\framework\\src\\Illuminate\\Database\\Schema\\Builder.php(290): Illuminate\\Database\\Schema\\Blueprint->build(Object(Illuminate\\Database\\MySqlConnection), Object(Illuminate\\Database\\Schema\\Grammars\\MySqlGrammar))
#6 C:\\wamp64\\www\\uplApp\\vendor\\laravel\\framework\\src\\Illuminate\\Database\\Schema\\Builder.php(167): Illuminate\\Database\\Schema\\Builder->build(Object(Illuminate\\Database\\Schema\\Blueprint))
#7 C:\\wamp64\\www\\uplApp\\vendor\\laravel\\framework\\src\\Illuminate\\Support\\Facades\\Facade.php(245): Illuminate\\Database\\Schema\\Builder->create('users', Object(Closure))
#8 C:\\wamp64\\www\\uplApp\\database\\migrations\\2014_10_12_000000_create_users_table.php(24): Illuminate\\Support\\Facades\\Facade::__callStatic('create', Array)
#9 C:\\wamp64\\www\\uplApp\\vendor\\laravel\\framework\\src\\Illuminate\\Database\\Migrations\\Migrator.php(387): CreateUsersTable->up()
#10 C:\\wamp64\\www\\uplApp\\vendor\\laravel\\framework\\src\\Illuminate\\Database\\Migrations\\Migrator.php(396): Illuminate\\Database\\Migrations\\Migrator->Illuminate\\Database\\Migrations\\{closure}()
#11 C:\\wamp64\\www\\uplApp\\vendor\\laravel\\framework\\src\\Illuminate\\Database\\Migrations\\Migrator.php(197): Illuminate\\Database\\Migrations\\Migrator->runMigration(Object(CreateUsersTable), 'up')
#12 C:\\wamp64\\www\\uplApp\\vendor\\laravel\\framework\\src\\Illuminate\\Database\\Migrations\\Migrator.php(162): Illuminate\\Database\\Migrations\\Migrator->runUp('C:\\\\wamp64\\\\www\\\\u...', 1, false)
#13 C:\\wamp64\\www\\uplApp\\vendor\\laravel\\framework\\src\\Illuminate\\Database\\Migrations\\Migrator.php(109): Illuminate\\Database\\Migrations\\Migrator->runPending(Array, Array)
#14 C:\\wamp64\\www\\uplApp\\vendor\\laravel\\framework\\src\\Illuminate\\Database\\Console\\Migrations\\MigrateCommand.php(71): Illuminate\\Database\\Migrations\\Migrator->run(Array, Array)
#15 [internal function]: Illuminate\\Database\\Console\\Migrations\\MigrateCommand->handle()
#16 C:\\wamp64\\www\\uplApp\\vendor\\laravel\\framework\\src\\Illuminate\\Container\\BoundMethod.php(32): call_user_func_array(Array, Array)
#17 C:\\wamp64\\www\\uplApp\\vendor\\laravel\\framework\\src\\Illuminate\\Container\\Util.php(34): Illuminate\\Container\\BoundMethod::Illuminate\\Container\\{closure}()
#18 C:\\wamp64\\www\\uplApp\\vendor\\laravel\\framework\\src\\Illuminate\\Container\\BoundMethod.php(90): Illuminate\\Container\\Util::unwrapIfClosure(Object(Closure))
#19 C:\\wamp64\\www\\uplApp\\vendor\\laravel\\framework\\src\\Illuminate\\Container\\BoundMethod.php(34): Illuminate\\Container\\BoundMethod::callBoundMethod(Object(Illuminate\\Foundation\\Application), Array, Object(Closure))
#20 C:\\wamp64\\www\\uplApp\\vendor\\laravel\\framework\\src\\Illuminate\\Container\\Container.php(590): Illuminate\\Container\\BoundMethod::call(Object(Illuminate\\Foundation\\Application), Array, Array, NULL)
#21 C:\\wamp64\\www\\uplApp\\vendor\\laravel\\framework\\src\\Illuminate\\Console\\Command.php(202): Illuminate\\Container\\Container->call(Array)
#22 C:\\wamp64\\www\\uplApp\\vendor\\symfony\\console\\Command\\Command.php(255): Illuminate\\Console\\Command->execute(Object(Symfony\\Component\\Console\\Input\\ArgvInput), Object(Illuminate\\Console\\OutputStyle))
#23 C:\\wamp64\\www\\uplApp\\vendor\\laravel\\framework\\src\\Illuminate\\Console\\Command.php(189): Symfony\\Component\\Console\\Command\\Command->run(Object(Symfony\\Component\\Console\\Input\\ArgvInput), Object(Illuminate\\Console\\OutputStyle))
#24 C:\\wamp64\\www\\uplApp\\vendor\\symfony\\console\\Application.php(1011): Illuminate\\Console\\Command->run(Object(Symfony\\Component\\Console\\Input\\ArgvInput), Object(Symfony\\Component\\Console\\Output\\ConsoleOutput))
#25 C:\\wamp64\\www\\uplApp\\vendor\\symfony\\console\\Application.php(272): Symfony\\Component\\Console\\Application->doRunCommand(Object(Illuminate\\Database\\Console\\Migrations\\MigrateCommand), Object(Symfony\\Component\\Console\\Input\\ArgvInput), Object(Symfony\\Component\\Console\\Output\\ConsoleOutput))
#26 C:\\wamp64\\www\\uplApp\\vendor\\symfony\\console\\Application.php(148): Symfony\\Component\\Console\\Application->doRun(Object(Symfony\\Component\\Console\\Input\\ArgvInput), Object(Symfony\\Component\\Console\\Output\\ConsoleOutput))
#27 C:\\wamp64\\www\\uplApp\\vendor\\laravel\\framework\\src\\Illuminate\\Console\\Application.php(90): Symfony\\Component\\Console\\Application->run(Object(Symfony\\Component\\Console\\Input\\ArgvInput), Object(Symfony\\Component\\Console\\Output\\ConsoleOutput))
#28 C:\\wamp64\\www\\uplApp\\vendor\\laravel\\framework\\src\\Illuminate\\Foundation\\Console\\Kernel.php(131): Illuminate\\Console\\Application->run(Object(Symfony\\Component\\Console\\Input\\ArgvInput), Object(Symfony\\Component\\Console\\Output\\ConsoleOutput))
#29 C:\\wamp64\\www\\uplApp\\artisan(37): Illuminate\\Foundation\\Console\\Kernel->handle(Object(Symfony\\Component\\Console\\Input\\ArgvInput), Object(Symfony\\Component\\Console\\Output\\ConsoleOutput))
#30 {main}
"} 
[2019-11-27 16:36:03] local.ERROR: SQLSTATE[42000]: Syntax error or access violation: 1071 Specified key was too long; max key length is 1000 bytes (SQL: alter table `users` add unique `users_email_unique`(`email`)) {"exception":"[object] (Illuminate\\Database\\QueryException(code: 42000): SQLSTATE[42000]: Syntax error or access violation: 1071 Specified key was too long; max key length is 1000 bytes (SQL: alter table `users` add unique `users_email_unique`(`email`)) at C:\\wamp64\\www\\uplApp\\vendor\\laravel\\framework\\src\\Illuminate\\Database\\Connection.php:665)
[stacktrace]
#0 C:\\wamp64\\www\\uplApp\\vendor\\laravel\\framework\\src\\Illuminate\\Database\\Connection.php(625): Illuminate\\Database\\Connection->runQueryCallback('alter table `us...', Array, Object(Closure))
#1 C:\\wamp64\\www\\uplApp\\vendor\\laravel\\framework\\src\\Illuminate\\Database\\Connection.php(460): Illuminate\\Database\\Connection->run('alter table `us...', Array, Object(Closure))
#2 C:\\wamp64\\www\\uplApp\\vendor\\laravel\\framework\\src\\Illuminate\\Database\\Schema\\Blueprint.php(97): Illuminate\\Database\\Connection->statement('alter table `us...')
#3 C:\\wamp64\\www\\uplApp\\vendor\\laravel\\framework\\src\\Illuminate\\Database\\Schema\\Builder.php(290): Illuminate\\Database\\Schema\\Blueprint->build(Object(Illuminate\\Database\\MySqlConnection), Object(Illuminate\\Database\\Schema\\Grammars\\MySqlGrammar))
#4 C:\\wamp64\\www\\uplApp\\vendor\\laravel\\framework\\src\\Illuminate\\Database\\Schema\\Builder.php(167): Illuminate\\Database\\Schema\\Builder->build(Object(Illuminate\\Database\\Schema\\Blueprint))
#5 C:\\wamp64\\www\\uplApp\\vendor\\laravel\\framework\\src\\Illuminate\\Support\\Facades\\Facade.php(245): Illuminate\\Database\\Schema\\Builder->create('users', Object(Closure))
#6 C:\\wamp64\\www\\uplApp\\database\\migrations\\2014_10_12_000000_create_users_table.php(24): Illuminate\\Support\\Facades\\Facade::__callStatic('create', Array)
#7 C:\\wamp64\\www\\uplApp\\vendor\\laravel\\framework\\src\\Illuminate\\Database\\Migrations\\Migrator.php(387): CreateUsersTable->up()
#8 C:\\wamp64\\www\\uplApp\\vendor\\laravel\\framework\\src\\Illuminate\\Database\\Migrations\\Migrator.php(396): Illuminate\\Database\\Migrations\\Migrator->Illuminate\\Database\\Migrations\\{closure}()
#9 C:\\wamp64\\www\\uplApp\\vendor\\laravel\\framework\\src\\Illuminate\\Database\\Migrations\\Migrator.php(197): Illuminate\\Database\\Migrations\\Migrator->runMigration(Object(CreateUsersTable), 'up')
#10 C:\\wamp64\\www\\uplApp\\vendor\\laravel\\framework\\src\\Illuminate\\Database\\Migrations\\Migrator.php(162): Illuminate\\Database\\Migrations\\Migrator->runUp('C:\\\\wamp64\\\\www\\\\u...', 1, false)
#11 C:\\wamp64\\www\\uplApp\\vendor\\laravel\\framework\\src\\Illuminate\\Database\\Migrations\\Migrator.php(109): Illuminate\\Database\\Migrations\\Migrator->runPending(Array, Array)
#12 C:\\wamp64\\www\\uplApp\\vendor\\laravel\\framework\\src\\Illuminate\\Database\\Console\\Migrations\\MigrateCommand.php(71): Illuminate\\Database\\Migrations\\Migrator->run(Array, Array)
#13 [internal function]: Illuminate\\Database\\Console\\Migrations\\MigrateCommand->handle()
#14 C:\\wamp64\\www\\uplApp\\vendor\\laravel\\framework\\src\\Illuminate\\Container\\BoundMethod.php(32): call_user_func_array(Array, Array)
#15 C:\\wamp64\\www\\uplApp\\vendor\\laravel\\framework\\src\\Illuminate\\Container\\Util.php(34): Illuminate\\Container\\BoundMethod::Illuminate\\Container\\{closure}()
#16 C:\\wamp64\\www\\uplApp\\vendor\\laravel\\framework\\src\\Illuminate\\Container\\BoundMethod.php(90): Illuminate\\Container\\Util::unwrapIfClosure(Object(Closure))
#17 C:\\wamp64\\www\\uplApp\\vendor\\laravel\\framework\\src\\Illuminate\\Container\\BoundMethod.php(34): Illuminate\\Container\\BoundMethod::callBoundMethod(Object(Illuminate\\Foundation\\Application), Array, Object(Closure))
#18 C:\\wamp64\\www\\uplApp\\vendor\\laravel\\framework\\src\\Illuminate\\Container\\Container.php(590): Illuminate\\Container\\BoundMethod::call(Object(Illuminate\\Foundation\\Application), Array, Array, NULL)
#19 C:\\wamp64\\www\\uplApp\\vendor\\laravel\\framework\\src\\Illuminate\\Console\\Command.php(202): Illuminate\\Container\\Container->call(Array)
#20 C:\\wamp64\\www\\uplApp\\vendor\\symfony\\console\\Command\\Command.php(255): Illuminate\\Console\\Command->execute(Object(Symfony\\Component\\Console\\Input\\ArgvInput), Object(Illuminate\\Console\\OutputStyle))
#21 C:\\wamp64\\www\\uplApp\\vendor\\laravel\\framework\\src\\Illuminate\\Console\\Command.php(189): Symfony\\Component\\Console\\Command\\Command->run(Object(Symfony\\Component\\Console\\Input\\ArgvInput), Object(Illuminate\\Console\\OutputStyle))
#22 C:\\wamp64\\www\\uplApp\\vendor\\symfony\\console\\Application.php(1011): Illuminate\\Console\\Command->run(Object(Symfony\\Component\\Console\\Input\\ArgvInput), Object(Symfony\\Component\\Console\\Output\\ConsoleOutput))
#23 C:\\wamp64\\www\\uplApp\\vendor\\symfony\\console\\Application.php(272): Symfony\\Component\\Console\\Application->doRunCommand(Object(Illuminate\\Database\\Console\\Migrations\\MigrateCommand), Object(Symfony\\Component\\Console\\Input\\ArgvInput), Object(Symfony\\Component\\Console\\Output\\ConsoleOutput))
#24 C:\\wamp64\\www\\uplApp\\vendor\\symfony\\console\\Application.php(148): Symfony\\Component\\Console\\Application->doRun(Object(Symfony\\Component\\Console\\Input\\ArgvInput), Object(Symfony\\Component\\Console\\Output\\ConsoleOutput))
#25 C:\\wamp64\\www\\uplApp\\vendor\\laravel\\framework\\src\\Illuminate\\Console\\Application.php(90): Symfony\\Component\\Console\\Application->run(Object(Symfony\\Component\\Console\\Input\\ArgvInput), Object(Symfony\\Component\\Console\\Output\\ConsoleOutput))
#26 C:\\wamp64\\www\\uplApp\\vendor\\laravel\\framework\\src\\Illuminate\\Foundation\\Console\\Kernel.php(131): Illuminate\\Console\\Application->run(Object(Symfony\\Component\\Console\\Input\\ArgvInput), Object(Symfony\\Component\\Console\\Output\\ConsoleOutput))
#27 C:\\wamp64\\www\\uplApp\\artisan(37): Illuminate\\Foundation\\Console\\Kernel->handle(Object(Symfony\\Component\\Console\\Input\\ArgvInput), Object(Symfony\\Component\\Console\\Output\\ConsoleOutput))
#28 {main}

[previous exception] [object] (PDOException(code: 42000): SQLSTATE[42000]: Syntax error or access violation: 1071 Specified key was too long; max key length is 1000 bytes at C:\\wamp64\\www\\uplApp\\vendor\\laravel\\framework\\src\\Illuminate\\Database\\Connection.php:459)
[stacktrace]
#0 C:\\wamp64\\www\\uplApp\\vendor\\laravel\\framework\\src\\Illuminate\\Database\\Connection.php(459): PDOStatement->execute()
#1 C:\\wamp64\\www\\uplApp\\vendor\\laravel\\framework\\src\\Illuminate\\Database\\Connection.php(658): Illuminate\\Database\\Connection->Illuminate\\Database\\{closure}('alter table `us...', Array)
#2 C:\\wamp64\\www\\uplApp\\vendor\\laravel\\framework\\src\\Illuminate\\Database\\Connection.php(625): Illuminate\\Database\\Connection->runQueryCallback('alter table `us...', Array, Object(Closure))
#3 C:\\wamp64\\www\\uplApp\\vendor\\laravel\\framework\\src\\Illuminate\\Database\\Connection.php(460): Illuminate\\Database\\Connection->run('alter table `us...', Array, Object(Closure))
#4 C:\\wamp64\\www\\uplApp\\vendor\\laravel\\framework\\src\\Illuminate\\Database\\Schema\\Blueprint.php(97): Illuminate\\Database\\Connection->statement('alter table `us...')
#5 C:\\wamp64\\www\\uplApp\\vendor\\laravel\\framework\\src\\Illuminate\\Database\\Schema\\Builder.php(290): Illuminate\\Database\\Schema\\Blueprint->build(Object(Illuminate\\Database\\MySqlConnection), Object(Illuminate\\Database\\Schema\\Grammars\\MySqlGrammar))
#6 C:\\wamp64\\www\\uplApp\\vendor\\laravel\\framework\\src\\Illuminate\\Database\\Schema\\Builder.php(167): Illuminate\\Database\\Schema\\Builder->build(Object(Illuminate\\Database\\Schema\\Blueprint))
#7 C:\\wamp64\\www\\uplApp\\vendor\\laravel\\framework\\src\\Illuminate\\Support\\Facades\\Facade.php(245): Illuminate\\Database\\Schema\\Builder->create('users', Object(Closure))
#8 C:\\wamp64\\www\\uplApp\\database\\migrations\\2014_10_12_000000_create_users_table.php(24): Illuminate\\Support\\Facades\\Facade::__callStatic('create', Array)
#9 C:\\wamp64\\www\\uplApp\\vendor\\laravel\\framework\\src\\Illuminate\\Database\\Migrations\\Migrator.php(387): CreateUsersTable->up()
#10 C:\\wamp64\\www\\uplApp\\vendor\\laravel\\framework\\src\\Illuminate\\Database\\Migrations\\Migrator.php(396): Illuminate\\Database\\Migrations\\Migrator->Illuminate\\Database\\Migrations\\{closure}()
#11 C:\\wamp64\\www\\uplApp\\vendor\\laravel\\framework\\src\\Illuminate\\Database\\Migrations\\Migrator.php(197): Illuminate\\Database\\Migrations\\Migrator->runMigration(Object(CreateUsersTable), 'up')
#12 C:\\wamp64\\www\\uplApp\\vendor\\laravel\\framework\\src\\Illuminate\\Database\\Migrations\\Migrator.php(162): Illuminate\\Database\\Migrations\\Migrator->runUp('C:\\\\wamp64\\\\www\\\\u...', 1, false)
#13 C:\\wamp64\\www\\uplApp\\vendor\\laravel\\framework\\src\\Illuminate\\Database\\Migrations\\Migrator.php(109): Illuminate\\Database\\Migrations\\Migrator->runPending(Array, Array)
#14 C:\\wamp64\\www\\uplApp\\vendor\\laravel\\framework\\src\\Illuminate\\Database\\Console\\Migrations\\MigrateCommand.php(71): Illuminate\\Database\\Migrations\\Migrator->run(Array, Array)
#15 [internal function]: Illuminate\\Database\\Console\\Migrations\\MigrateCommand->handle()
#16 C:\\wamp64\\www\\uplApp\\vendor\\laravel\\framework\\src\\Illuminate\\Container\\BoundMethod.php(32): call_user_func_array(Array, Array)
#17 C:\\wamp64\\www\\uplApp\\vendor\\laravel\\framework\\src\\Illuminate\\Container\\Util.php(34): Illuminate\\Container\\BoundMethod::Illuminate\\Container\\{closure}()
#18 C:\\wamp64\\www\\uplApp\\vendor\\laravel\\framework\\src\\Illuminate\\Container\\BoundMethod.php(90): Illuminate\\Container\\Util::unwrapIfClosure(Object(Closure))
#19 C:\\wamp64\\www\\uplApp\\vendor\\laravel\\framework\\src\\Illuminate\\Container\\BoundMethod.php(34): Illuminate\\Container\\BoundMethod::callBoundMethod(Object(Illuminate\\Foundation\\Application), Array, Object(Closure))
#20 C:\\wamp64\\www\\uplApp\\vendor\\laravel\\framework\\src\\Illuminate\\Container\\Container.php(590): Illuminate\\Container\\BoundMethod::call(Object(Illuminate\\Foundation\\Application), Array, Array, NULL)
#21 C:\\wamp64\\www\\uplApp\\vendor\\laravel\\framework\\src\\Illuminate\\Console\\Command.php(202): Illuminate\\Container\\Container->call(Array)
#22 C:\\wamp64\\www\\uplApp\\vendor\\symfony\\console\\Command\\Command.php(255): Illuminate\\Console\\Command->execute(Object(Symfony\\Component\\Console\\Input\\ArgvInput), Object(Illuminate\\Console\\OutputStyle))
#23 C:\\wamp64\\www\\uplApp\\vendor\\laravel\\framework\\src\\Illuminate\\Console\\Command.php(189): Symfony\\Component\\Console\\Command\\Command->run(Object(Symfony\\Component\\Console\\Input\\ArgvInput), Object(Illuminate\\Console\\OutputStyle))
#24 C:\\wamp64\\www\\uplApp\\vendor\\symfony\\console\\Application.php(1011): Illuminate\\Console\\Command->run(Object(Symfony\\Component\\Console\\Input\\ArgvInput), Object(Symfony\\Component\\Console\\Output\\ConsoleOutput))
#25 C:\\wamp64\\www\\uplApp\\vendor\\symfony\\console\\Application.php(272): Symfony\\Component\\Console\\Application->doRunCommand(Object(Illuminate\\Database\\Console\\Migrations\\MigrateCommand), Object(Symfony\\Component\\Console\\Input\\ArgvInput), Object(Symfony\\Component\\Console\\Output\\ConsoleOutput))
#26 C:\\wamp64\\www\\uplApp\\vendor\\symfony\\console\\Application.php(148): Symfony\\Component\\Console\\Application->doRun(Object(Symfony\\Component\\Console\\Input\\ArgvInput), Object(Symfony\\Component\\Console\\Output\\ConsoleOutput))
#27 C:\\wamp64\\www\\uplApp\\vendor\\laravel\\framework\\src\\Illuminate\\Console\\Application.php(90): Symfony\\Component\\Console\\Application->run(Object(Symfony\\Component\\Console\\Input\\ArgvInput), Object(Symfony\\Component\\Console\\Output\\ConsoleOutput))
#28 C:\\wamp64\\www\\uplApp\\vendor\\laravel\\framework\\src\\Illuminate\\Foundation\\Console\\Kernel.php(131): Illuminate\\Console\\Application->run(Object(Symfony\\Component\\Console\\Input\\ArgvInput), Object(Symfony\\Component\\Console\\Output\\ConsoleOutput))
#29 C:\\wamp64\\www\\uplApp\\artisan(37): Illuminate\\Foundation\\Console\\Kernel->handle(Object(Symfony\\Component\\Console\\Input\\ArgvInput), Object(Symfony\\Component\\Console\\Output\\ConsoleOutput))
#30 {main}
"} 
[2019-11-27 16:37:51] local.ERROR: SQLSTATE[42S21]: Column already exists: 1060 Duplicate column name 'id' (SQL: create table `staff` (`id` bigint unsigned not null auto_increment primary key, `id` varchar(255) not null, `fname` varchar(255) not null, `lname` varchar(255) not null, `email` varchar(255) not null, `password` varchar(255) not null, `created_at` timestamp null, `updated_at` timestamp null) default character set utf8mb4 collate 'utf8mb4_unicode_ci') {"exception":"[object] (Illuminate\\Database\\QueryException(code: 42S21): SQLSTATE[42S21]: Column already exists: 1060 Duplicate column name 'id' (SQL: create table `staff` (`id` bigint unsigned not null auto_increment primary key, `id` varchar(255) not null, `fname` varchar(255) not null, `lname` varchar(255) not null, `email` varchar(255) not null, `password` varchar(255) not null, `created_at` timestamp null, `updated_at` timestamp null) default character set utf8mb4 collate 'utf8mb4_unicode_ci') at C:\\wamp64\\www\\uplApp\\vendor\\laravel\\framework\\src\\Illuminate\\Database\\Connection.php:665)
[stacktrace]
#0 C:\\wamp64\\www\\uplApp\\vendor\\laravel\\framework\\src\\Illuminate\\Database\\Connection.php(625): Illuminate\\Database\\Connection->runQueryCallback('create table `s...', Array, Object(Closure))
#1 C:\\wamp64\\www\\uplApp\\vendor\\laravel\\framework\\src\\Illuminate\\Database\\Connection.php(460): Illuminate\\Database\\Connection->run('create table `s...', Array, Object(Closure))
#2 C:\\wamp64\\www\\uplApp\\vendor\\laravel\\framework\\src\\Illuminate\\Database\\Schema\\Blueprint.php(97): Illuminate\\Database\\Connection->statement('create table `s...')
#3 C:\\wamp64\\www\\uplApp\\vendor\\laravel\\framework\\src\\Illuminate\\Database\\Schema\\Builder.php(290): Illuminate\\Database\\Schema\\Blueprint->build(Object(Illuminate\\Database\\MySqlConnection), Object(Illuminate\\Database\\Schema\\Grammars\\MySqlGrammar))
#4 C:\\wamp64\\www\\uplApp\\vendor\\laravel\\framework\\src\\Illuminate\\Database\\Schema\\Builder.php(167): Illuminate\\Database\\Schema\\Builder->build(Object(Illuminate\\Database\\Schema\\Blueprint))
#5 C:\\wamp64\\www\\uplApp\\vendor\\laravel\\framework\\src\\Illuminate\\Support\\Facades\\Facade.php(245): Illuminate\\Database\\Schema\\Builder->create('staff', Object(Closure))
#6 C:\\wamp64\\www\\uplApp\\database\\migrations\\2019_11_27_162011_create_staff_table.php(24): Illuminate\\Support\\Facades\\Facade::__callStatic('create', Array)
#7 C:\\wamp64\\www\\uplApp\\vendor\\laravel\\framework\\src\\Illuminate\\Database\\Migrations\\Migrator.php(387): CreateStaffTable->up()
#8 C:\\wamp64\\www\\uplApp\\vendor\\laravel\\framework\\src\\Illuminate\\Database\\Migrations\\Migrator.php(396): Illuminate\\Database\\Migrations\\Migrator->Illuminate\\Database\\Migrations\\{closure}()
#9 C:\\wamp64\\www\\uplApp\\vendor\\laravel\\framework\\src\\Illuminate\\Database\\Migrations\\Migrator.php(197): Illuminate\\Database\\Migrations\\Migrator->runMigration(Object(CreateStaffTable), 'up')
#10 C:\\wamp64\\www\\uplApp\\vendor\\laravel\\framework\\src\\Illuminate\\Database\\Migrations\\Migrator.php(162): Illuminate\\Database\\Migrations\\Migrator->runUp('C:\\\\wamp64\\\\www\\\\u...', 1, false)
#11 C:\\wamp64\\www\\uplApp\\vendor\\laravel\\framework\\src\\Illuminate\\Database\\Migrations\\Migrator.php(109): Illuminate\\Database\\Migrations\\Migrator->runPending(Array, Array)
#12 C:\\wamp64\\www\\uplApp\\vendor\\laravel\\framework\\src\\Illuminate\\Database\\Console\\Migrations\\MigrateCommand.php(71): Illuminate\\Database\\Migrations\\Migrator->run(Array, Array)
#13 [internal function]: Illuminate\\Database\\Console\\Migrations\\MigrateCommand->handle()
#14 C:\\wamp64\\www\\uplApp\\vendor\\laravel\\framework\\src\\Illuminate\\Container\\BoundMethod.php(32): call_user_func_array(Array, Array)
#15 C:\\wamp64\\www\\uplApp\\vendor\\laravel\\framework\\src\\Illuminate\\Container\\Util.php(34): Illuminate\\Container\\BoundMethod::Illuminate\\Container\\{closure}()
#16 C:\\wamp64\\www\\uplApp\\vendor\\laravel\\framework\\src\\Illuminate\\Container\\BoundMethod.php(90): Illuminate\\Container\\Util::unwrapIfClosure(Object(Closure))
#17 C:\\wamp64\\www\\uplApp\\vendor\\laravel\\framework\\src\\Illuminate\\Container\\BoundMethod.php(34): Illuminate\\Container\\BoundMethod::callBoundMethod(Object(Illuminate\\Foundation\\Application), Array, Object(Closure))
#18 C:\\wamp64\\www\\uplApp\\vendor\\laravel\\framework\\src\\Illuminate\\Container\\Container.php(590): Illuminate\\Container\\BoundMethod::call(Object(Illuminate\\Foundation\\Application), Array, Array, NULL)
#19 C:\\wamp64\\www\\uplApp\\vendor\\laravel\\framework\\src\\Illuminate\\Console\\Command.php(202): Illuminate\\Container\\Container->call(Array)
#20 C:\\wamp64\\www\\uplApp\\vendor\\symfony\\console\\Command\\Command.php(255): Illuminate\\Console\\Command->execute(Object(Symfony\\Component\\Console\\Input\\ArrayInput), Object(Illuminate\\Console\\OutputStyle))
#21 C:\\wamp64\\www\\uplApp\\vendor\\laravel\\framework\\src\\Illuminate\\Console\\Command.php(189): Symfony\\Component\\Console\\Command\\Command->run(Object(Symfony\\Component\\Console\\Input\\ArrayInput), Object(Illuminate\\Console\\OutputStyle))
#22 C:\\wamp64\\www\\uplApp\\vendor\\laravel\\framework\\src\\Illuminate\\Console\\Command.php(242): Illuminate\\Console\\Command->run(Object(Symfony\\Component\\Console\\Input\\ArrayInput), Object(Illuminate\\Console\\OutputStyle))
#23 C:\\wamp64\\www\\uplApp\\vendor\\laravel\\framework\\src\\Illuminate\\Console\\Command.php(214): Illuminate\\Console\\Command->runCommand('migrate', Array, Object(Illuminate\\Console\\OutputStyle))
#24 C:\\wamp64\\www\\uplApp\\vendor\\laravel\\framework\\src\\Illuminate\\Database\\Console\\Migrations\\FreshCommand.php(52): Illuminate\\Console\\Command->call('migrate', Array)
#25 [internal function]: Illuminate\\Database\\Console\\Migrations\\FreshCommand->handle()
#26 C:\\wamp64\\www\\uplApp\\vendor\\laravel\\framework\\src\\Illuminate\\Container\\BoundMethod.php(32): call_user_func_array(Array, Array)
#27 C:\\wamp64\\www\\uplApp\\vendor\\laravel\\framework\\src\\Illuminate\\Container\\Util.php(34): Illuminate\\Container\\BoundMethod::Illuminate\\Container\\{closure}()
#28 C:\\wamp64\\www\\uplApp\\vendor\\laravel\\framework\\src\\Illuminate\\Container\\BoundMethod.php(90): Illuminate\\Container\\Util::unwrapIfClosure(Object(Closure))
#29 C:\\wamp64\\www\\uplApp\\vendor\\laravel\\framework\\src\\Illuminate\\Container\\BoundMethod.php(34): Illuminate\\Container\\BoundMethod::callBoundMethod(Object(Illuminate\\Foundation\\Application), Array, Object(Closure))
#30 C:\\wamp64\\www\\uplApp\\vendor\\laravel\\framework\\src\\Illuminate\\Container\\Container.php(590): Illuminate\\Container\\BoundMethod::call(Object(Illuminate\\Foundation\\Application), Array, Array, NULL)
#31 C:\\wamp64\\www\\uplApp\\vendor\\laravel\\framework\\src\\Illuminate\\Console\\Command.php(202): Illuminate\\Container\\Container->call(Array)
#32 C:\\wamp64\\www\\uplApp\\vendor\\symfony\\console\\Command\\Command.php(255): Illuminate\\Console\\Command->execute(Object(Symfony\\Component\\Console\\Input\\ArgvInput), Object(Illuminate\\Console\\OutputStyle))
#33 C:\\wamp64\\www\\uplApp\\vendor\\laravel\\framework\\src\\Illuminate\\Console\\Command.php(189): Symfony\\Component\\Console\\Command\\Command->run(Object(Symfony\\Component\\Console\\Input\\ArgvInput), Object(Illuminate\\Console\\OutputStyle))
#34 C:\\wamp64\\www\\uplApp\\vendor\\symfony\\console\\Application.php(1011): Illuminate\\Console\\Command->run(Object(Symfony\\Component\\Console\\Input\\ArgvInput), Object(Symfony\\Component\\Console\\Output\\ConsoleOutput))
#35 C:\\wamp64\\www\\uplApp\\vendor\\symfony\\console\\Application.php(272): Symfony\\Component\\Console\\Application->doRunCommand(Object(Illuminate\\Database\\Console\\Migrations\\FreshCommand), Object(Symfony\\Component\\Console\\Input\\ArgvInput), Object(Symfony\\Component\\Console\\Output\\ConsoleOutput))
#36 C:\\wamp64\\www\\uplApp\\vendor\\symfony\\console\\Application.php(148): Symfony\\Component\\Console\\Application->doRun(Object(Symfony\\Component\\Console\\Input\\ArgvInput), Object(Symfony\\Component\\Console\\Output\\ConsoleOutput))
#37 C:\\wamp64\\www\\uplApp\\vendor\\laravel\\framework\\src\\Illuminate\\Console\\Application.php(90): Symfony\\Component\\Console\\Application->run(Object(Symfony\\Component\\Console\\Input\\ArgvInput), Object(Symfony\\Component\\Console\\Output\\ConsoleOutput))
#38 C:\\wamp64\\www\\uplApp\\vendor\\laravel\\framework\\src\\Illuminate\\Foundation\\Console\\Kernel.php(131): Illuminate\\Console\\Application->run(Object(Symfony\\Component\\Console\\Input\\ArgvInput), Object(Symfony\\Component\\Console\\Output\\ConsoleOutput))
#39 C:\\wamp64\\www\\uplApp\\artisan(37): Illuminate\\Foundation\\Console\\Kernel->handle(Object(Symfony\\Component\\Console\\Input\\ArgvInput), Object(Symfony\\Component\\Console\\Output\\ConsoleOutput))
#40 {main}

[previous exception] [object] (PDOException(code: 42S21): SQLSTATE[42S21]: Column already exists: 1060 Duplicate column name 'id' at C:\\wamp64\\www\\uplApp\\vendor\\laravel\\framework\\src\\Illuminate\\Database\\Connection.php:459)
[stacktrace]
#0 C:\\wamp64\\www\\uplApp\\vendor\\laravel\\framework\\src\\Illuminate\\Database\\Connection.php(459): PDOStatement->execute()
#1 C:\\wamp64\\www\\uplApp\\vendor\\laravel\\framework\\src\\Illuminate\\Database\\Connection.php(658): Illuminate\\Database\\Connection->Illuminate\\Database\\{closure}('create table `s...', Array)
#2 C:\\wamp64\\www\\uplApp\\vendor\\laravel\\framework\\src\\Illuminate\\Database\\Connection.php(625): Illuminate\\Database\\Connection->runQueryCallback('create table `s...', Array, Object(Closure))
#3 C:\\wamp64\\www\\uplApp\\vendor\\laravel\\framework\\src\\Illuminate\\Database\\Connection.php(460): Illuminate\\Database\\Connection->run('create table `s...', Array, Object(Closure))
#4 C:\\wamp64\\www\\uplApp\\vendor\\laravel\\framework\\src\\Illuminate\\Database\\Schema\\Blueprint.php(97): Illuminate\\Database\\Connection->statement('create table `s...')
#5 C:\\wamp64\\www\\uplApp\\vendor\\laravel\\framework\\src\\Illuminate\\Database\\Schema\\Builder.php(290): Illuminate\\Database\\Schema\\Blueprint->build(Object(Illuminate\\Database\\MySqlConnection), Object(Illuminate\\Database\\Schema\\Grammars\\MySqlGrammar))
#6 C:\\wamp64\\www\\uplApp\\vendor\\laravel\\framework\\src\\Illuminate\\Database\\Schema\\Builder.php(167): Illuminate\\Database\\Schema\\Builder->build(Object(Illuminate\\Database\\Schema\\Blueprint))
#7 C:\\wamp64\\www\\uplApp\\vendor\\laravel\\framework\\src\\Illuminate\\Support\\Facades\\Facade.php(245): Illuminate\\Database\\Schema\\Builder->create('staff', Object(Closure))
#8 C:\\wamp64\\www\\uplApp\\database\\migrations\\2019_11_27_162011_create_staff_table.php(24): Illuminate\\Support\\Facades\\Facade::__callStatic('create', Array)
#9 C:\\wamp64\\www\\uplApp\\vendor\\laravel\\framework\\src\\Illuminate\\Database\\Migrations\\Migrator.php(387): CreateStaffTable->up()
#10 C:\\wamp64\\www\\uplApp\\vendor\\laravel\\framework\\src\\Illuminate\\Database\\Migrations\\Migrator.php(396): Illuminate\\Database\\Migrations\\Migrator->Illuminate\\Database\\Migrations\\{closure}()
#11 C:\\wamp64\\www\\uplApp\\vendor\\laravel\\framework\\src\\Illuminate\\Database\\Migrations\\Migrator.php(197): Illuminate\\Database\\Migrations\\Migrator->runMigration(Object(CreateStaffTable), 'up')
#12 C:\\wamp64\\www\\uplApp\\vendor\\laravel\\framework\\src\\Illuminate\\Database\\Migrations\\Migrator.php(162): Illuminate\\Database\\Migrations\\Migrator->runUp('C:\\\\wamp64\\\\www\\\\u...', 1, false)
#13 C:\\wamp64\\www\\uplApp\\vendor\\laravel\\framework\\src\\Illuminate\\Database\\Migrations\\Migrator.php(109): Illuminate\\Database\\Migrations\\Migrator->runPending(Array, Array)
#14 C:\\wamp64\\www\\uplApp\\vendor\\laravel\\framework\\src\\Illuminate\\Database\\Console\\Migrations\\MigrateCommand.php(71): Illuminate\\Database\\Migrations\\Migrator->run(Array, Array)
#15 [internal function]: Illuminate\\Database\\Console\\Migrations\\MigrateCommand->handle()
#16 C:\\wamp64\\www\\uplApp\\vendor\\laravel\\framework\\src\\Illuminate\\Container\\BoundMethod.php(32): call_user_func_array(Array, Array)
#17 C:\\wamp64\\www\\uplApp\\vendor\\laravel\\framework\\src\\Illuminate\\Container\\Util.php(34): Illuminate\\Container\\BoundMethod::Illuminate\\Container\\{closure}()
#18 C:\\wamp64\\www\\uplApp\\vendor\\laravel\\framework\\src\\Illuminate\\Container\\BoundMethod.php(90): Illuminate\\Container\\Util::unwrapIfClosure(Object(Closure))
#19 C:\\wamp64\\www\\uplApp\\vendor\\laravel\\framework\\src\\Illuminate\\Container\\BoundMethod.php(34): Illuminate\\Container\\BoundMethod::callBoundMethod(Object(Illuminate\\Foundation\\Application), Array, Object(Closure))
#20 C:\\wamp64\\www\\uplApp\\vendor\\laravel\\framework\\src\\Illuminate\\Container\\Container.php(590): Illuminate\\Container\\BoundMethod::call(Object(Illuminate\\Foundation\\Application), Array, Array, NULL)
#21 C:\\wamp64\\www\\uplApp\\vendor\\laravel\\framework\\src\\Illuminate\\Console\\Command.php(202): Illuminate\\Container\\Container->call(Array)
#22 C:\\wamp64\\www\\uplApp\\vendor\\symfony\\console\\Command\\Command.php(255): Illuminate\\Console\\Command->execute(Object(Symfony\\Component\\Console\\Input\\ArrayInput), Object(Illuminate\\Console\\OutputStyle))
#23 C:\\wamp64\\www\\uplApp\\vendor\\laravel\\framework\\src\\Illuminate\\Console\\Command.php(189): Symfony\\Component\\Console\\Command\\Command->run(Object(Symfony\\Component\\Console\\Input\\ArrayInput), Object(Illuminate\\Console\\OutputStyle))
#24 C:\\wamp64\\www\\uplApp\\vendor\\laravel\\framework\\src\\Illuminate\\Console\\Command.php(242): Illuminate\\Console\\Command->run(Object(Symfony\\Component\\Console\\Input\\ArrayInput), Object(Illuminate\\Console\\OutputStyle))
#25 C:\\wamp64\\www\\uplApp\\vendor\\laravel\\framework\\src\\Illuminate\\Console\\Command.php(214): Illuminate\\Console\\Command->runCommand('migrate', Array, Object(Illuminate\\Console\\OutputStyle))
#26 C:\\wamp64\\www\\uplApp\\vendor\\laravel\\framework\\src\\Illuminate\\Database\\Console\\Migrations\\FreshCommand.php(52): Illuminate\\Console\\Command->call('migrate', Array)
#27 [internal function]: Illuminate\\Database\\Console\\Migrations\\FreshCommand->handle()
#28 C:\\wamp64\\www\\uplApp\\vendor\\laravel\\framework\\src\\Illuminate\\Container\\BoundMethod.php(32): call_user_func_array(Array, Array)
#29 C:\\wamp64\\www\\uplApp\\vendor\\laravel\\framework\\src\\Illuminate\\Container\\Util.php(34): Illuminate\\Container\\BoundMethod::Illuminate\\Container\\{closure}()
#30 C:\\wamp64\\www\\uplApp\\vendor\\laravel\\framework\\src\\Illuminate\\Container\\BoundMethod.php(90): Illuminate\\Container\\Util::unwrapIfClosure(Object(Closure))
#31 C:\\wamp64\\www\\uplApp\\vendor\\laravel\\framework\\src\\Illuminate\\Container\\BoundMethod.php(34): Illuminate\\Container\\BoundMethod::callBoundMethod(Object(Illuminate\\Foundation\\Application), Array, Object(Closure))
#32 C:\\wamp64\\www\\uplApp\\vendor\\laravel\\framework\\src\\Illuminate\\Container\\Container.php(590): Illuminate\\Container\\BoundMethod::call(Object(Illuminate\\Foundation\\Application), Array, Array, NULL)
#33 C:\\wamp64\\www\\uplApp\\vendor\\laravel\\framework\\src\\Illuminate\\Console\\Command.php(202): Illuminate\\Container\\Container->call(Array)
#34 C:\\wamp64\\www\\uplApp\\vendor\\symfony\\console\\Command\\Command.php(255): Illuminate\\Console\\Command->execute(Object(Symfony\\Component\\Console\\Input\\ArgvInput), Object(Illuminate\\Console\\OutputStyle))
#35 C:\\wamp64\\www\\uplApp\\vendor\\laravel\\framework\\src\\Illuminate\\Console\\Command.php(189): Symfony\\Component\\Console\\Command\\Command->run(Object(Symfony\\Component\\Console\\Input\\ArgvInput), Object(Illuminate\\Console\\OutputStyle))
#36 C:\\wamp64\\www\\uplApp\\vendor\\symfony\\console\\Application.php(1011): Illuminate\\Console\\Command->run(Object(Symfony\\Component\\Console\\Input\\ArgvInput), Object(Symfony\\Component\\Console\\Output\\ConsoleOutput))
#37 C:\\wamp64\\www\\uplApp\\vendor\\symfony\\console\\Application.php(272): Symfony\\Component\\Console\\Application->doRunCommand(Object(Illuminate\\Database\\Console\\Migrations\\FreshCommand), Object(Symfony\\Component\\Console\\Input\\ArgvInput), Object(Symfony\\Component\\Console\\Output\\ConsoleOutput))
#38 C:\\wamp64\\www\\uplApp\\vendor\\symfony\\console\\Application.php(148): Symfony\\Component\\Console\\Application->doRun(Object(Symfony\\Component\\Console\\Input\\ArgvInput), Object(Symfony\\Component\\Console\\Output\\ConsoleOutput))
#39 C:\\wamp64\\www\\uplApp\\vendor\\laravel\\framework\\src\\Illuminate\\Console\\Application.php(90): Symfony\\Component\\Console\\Application->run(Object(Symfony\\Component\\Console\\Input\\ArgvInput), Object(Symfony\\Component\\Console\\Output\\ConsoleOutput))
#40 C:\\wamp64\\www\\uplApp\\vendor\\laravel\\framework\\src\\Illuminate\\Foundation\\Console\\Kernel.php(131): Illuminate\\Console\\Application->run(Object(Symfony\\Component\\Console\\Input\\ArgvInput), Object(Symfony\\Component\\Console\\Output\\ConsoleOutput))
#41 C:\\wamp64\\www\\uplApp\\artisan(37): Illuminate\\Foundation\\Console\\Kernel->handle(Object(Symfony\\Component\\Console\\Input\\ArgvInput), Object(Symfony\\Component\\Console\\Output\\ConsoleOutput))
#42 {main}
"} 
[2019-11-27 17:39:15] local.ERROR: SQLSTATE[23000]: Integrity constraint violation: 1048 Column 'fname' cannot be null (SQL: insert into `staff` (`fname`, `lname`, `phone`, `email`, `password`, `updated_at`, `created_at`) values (?, ?, ?, ?, ?, 2019-11-27 17:39:15, 2019-11-27 17:39:15)) {"exception":"[object] (Illuminate\\Database\\QueryException(code: 23000): SQLSTATE[23000]: Integrity constraint violation: 1048 Column 'fname' cannot be null (SQL: insert into `staff` (`fname`, `lname`, `phone`, `email`, `password`, `updated_at`, `created_at`) values (?, ?, ?, ?, ?, 2019-11-27 17:39:15, 2019-11-27 17:39:15)) at C:\\wamp64\\www\\uplApp\\vendor\\laravel\\framework\\src\\Illuminate\\Database\\Connection.php:665)
[stacktrace]
#0 C:\\wamp64\\www\\uplApp\\vendor\\laravel\\framework\\src\\Illuminate\\Database\\Connection.php(625): Illuminate\\Database\\Connection->runQueryCallback('insert into `st...', Array, Object(Closure))
#1 C:\\wamp64\\www\\uplApp\\vendor\\laravel\\framework\\src\\Illuminate\\Database\\Connection.php(460): Illuminate\\Database\\Connection->run('insert into `st...', Array, Object(Closure))
#2 C:\\wamp64\\www\\uplApp\\vendor\\laravel\\framework\\src\\Illuminate\\Database\\Connection.php(412): Illuminate\\Database\\Connection->statement('insert into `st...', Array)
#3 C:\\wamp64\\www\\uplApp\\vendor\\laravel\\framework\\src\\Illuminate\\Database\\Query\\Processors\\Processor.php(32): Illuminate\\Database\\Connection->insert('insert into `st...', Array)
#4 C:\\wamp64\\www\\uplApp\\vendor\\laravel\\framework\\src\\Illuminate\\Database\\Query\\Builder.php(2670): Illuminate\\Database\\Query\\Processors\\Processor->processInsertGetId(Object(Illuminate\\Database\\Query\\Builder), 'insert into `st...', Array, 'id')
#5 C:\\wamp64\\www\\uplApp\\vendor\\laravel\\framework\\src\\Illuminate\\Database\\Eloquent\\Builder.php(1350): Illuminate\\Database\\Query\\Builder->insertGetId(Array, 'id')
#6 C:\\wamp64\\www\\uplApp\\vendor\\laravel\\framework\\src\\Illuminate\\Database\\Eloquent\\Model.php(839): Illuminate\\Database\\Eloquent\\Builder->__call('insertGetId', Array)
#7 C:\\wamp64\\www\\uplApp\\vendor\\laravel\\framework\\src\\Illuminate\\Database\\Eloquent\\Model.php(804): Illuminate\\Database\\Eloquent\\Model->insertAndSetId(Object(Illuminate\\Database\\Eloquent\\Builder), Array)
#8 C:\\wamp64\\www\\uplApp\\vendor\\laravel\\framework\\src\\Illuminate\\Database\\Eloquent\\Model.php(667): Illuminate\\Database\\Eloquent\\Model->performInsert(Object(Illuminate\\Database\\Eloquent\\Builder))
#9 C:\\wamp64\\www\\uplApp\\app\\Http\\Controllers\\StaffApiController.php(20): Illuminate\\Database\\Eloquent\\Model->save()
#10 [internal function]: App\\Http\\Controllers\\StaffApiController->create(Object(Illuminate\\Http\\Request))
#11 C:\\wamp64\\www\\uplApp\\vendor\\laravel\\framework\\src\\Illuminate\\Routing\\Controller.php(54): call_user_func_array(Array, Array)
#12 C:\\wamp64\\www\\uplApp\\vendor\\laravel\\framework\\src\\Illuminate\\Routing\\ControllerDispatcher.php(45): Illuminate\\Routing\\Controller->callAction('create', Array)
#13 C:\\wamp64\\www\\uplApp\\vendor\\laravel\\framework\\src\\Illuminate\\Routing\\Route.php(219): Illuminate\\Routing\\ControllerDispatcher->dispatch(Object(Illuminate\\Routing\\Route), Object(App\\Http\\Controllers\\StaffApiController), 'create')
#14 C:\\wamp64\\www\\uplApp\\vendor\\laravel\\framework\\src\\Illuminate\\Routing\\Route.php(176): Illuminate\\Routing\\Route->runController()
#15 C:\\wamp64\\www\\uplApp\\vendor\\laravel\\framework\\src\\Illuminate\\Routing\\Router.php(680): Illuminate\\Routing\\Route->run()
#16 C:\\wamp64\\www\\uplApp\\vendor\\laravel\\framework\\src\\Illuminate\\Pipeline\\Pipeline.php(130): Illuminate\\Routing\\Router->Illuminate\\Routing\\{closure}(Object(Illuminate\\Http\\Request))
#17 C:\\wamp64\\www\\uplApp\\vendor\\laravel\\framework\\src\\Illuminate\\Routing\\Middleware\\SubstituteBindings.php(41): Illuminate\\Pipeline\\Pipeline->Illuminate\\Pipeline\\{closure}(Object(Illuminate\\Http\\Request))
#18 C:\\wamp64\\www\\uplApp\\vendor\\laravel\\framework\\src\\Illuminate\\Pipeline\\Pipeline.php(171): Illuminate\\Routing\\Middleware\\SubstituteBindings->handle(Object(Illuminate\\Http\\Request), Object(Closure))
#19 C:\\wamp64\\www\\uplApp\\vendor\\laravel\\framework\\src\\Illuminate\\Routing\\Middleware\\ThrottleRequests.php(59): Illuminate\\Pipeline\\Pipeline->Illuminate\\Pipeline\\{closure}(Object(Illuminate\\Http\\Request))
#20 C:\\wamp64\\www\\uplApp\\vendor\\laravel\\framework\\src\\Illuminate\\Pipeline\\Pipeline.php(171): Illuminate\\Routing\\Middleware\\ThrottleRequests->handle(Object(Illuminate\\Http\\Request), Object(Closure), 60, '1')
#21 C:\\wamp64\\www\\uplApp\\vendor\\laravel\\framework\\src\\Illuminate\\Pipeline\\Pipeline.php(105): Illuminate\\Pipeline\\Pipeline->Illuminate\\Pipeline\\{closure}(Object(Illuminate\\Http\\Request))
#22 C:\\wamp64\\www\\uplApp\\vendor\\laravel\\framework\\src\\Illuminate\\Routing\\Router.php(682): Illuminate\\Pipeline\\Pipeline->then(Object(Closure))
#23 C:\\wamp64\\www\\uplApp\\vendor\\laravel\\framework\\src\\Illuminate\\Routing\\Router.php(657): Illuminate\\Routing\\Router->runRouteWithinStack(Object(Illuminate\\Routing\\Route), Object(Illuminate\\Http\\Request))
#24 C:\\wamp64\\www\\uplApp\\vendor\\laravel\\framework\\src\\Illuminate\\Routing\\Router.php(623): Illuminate\\Routing\\Router->runRoute(Object(Illuminate\\Http\\Request), Object(Illuminate\\Routing\\Route))
#25 C:\\wamp64\\www\\uplApp\\vendor\\laravel\\framework\\src\\Illuminate\\Routing\\Router.php(612): Illuminate\\Routing\\Router->dispatchToRoute(Object(Illuminate\\Http\\Request))
#26 C:\\wamp64\\www\\uplApp\\vendor\\laravel\\framework\\src\\Illuminate\\Foundation\\Http\\Kernel.php(176): Illuminate\\Routing\\Router->dispatch(Object(Illuminate\\Http\\Request))
#27 C:\\wamp64\\www\\uplApp\\vendor\\laravel\\framework\\src\\Illuminate\\Pipeline\\Pipeline.php(130): Illuminate\\Foundation\\Http\\Kernel->Illuminate\\Foundation\\Http\\{closure}(Object(Illuminate\\Http\\Request))
#28 C:\\wamp64\\www\\uplApp\\vendor\\laravel\\framework\\src\\Illuminate\\Foundation\\Http\\Middleware\\TransformsRequest.php(21): Illuminate\\Pipeline\\Pipeline->Illuminate\\Pipeline\\{closure}(Object(Illuminate\\Http\\Request))
#29 C:\\wamp64\\www\\uplApp\\vendor\\laravel\\framework\\src\\Illuminate\\Pipeline\\Pipeline.php(171): Illuminate\\Foundation\\Http\\Middleware\\TransformsRequest->handle(Object(Illuminate\\Http\\Request), Object(Closure))
#30 C:\\wamp64\\www\\uplApp\\vendor\\laravel\\framework\\src\\Illuminate\\Foundation\\Http\\Middleware\\TransformsRequest.php(21): Illuminate\\Pipeline\\Pipeline->Illuminate\\Pipeline\\{closure}(Object(Illuminate\\Http\\Request))
#31 C:\\wamp64\\www\\uplApp\\vendor\\laravel\\framework\\src\\Illuminate\\Pipeline\\Pipeline.php(171): Illuminate\\Foundation\\Http\\Middleware\\TransformsRequest->handle(Object(Illuminate\\Http\\Request), Object(Closure))
#32 C:\\wamp64\\www\\uplApp\\vendor\\laravel\\framework\\src\\Illuminate\\Foundation\\Http\\Middleware\\ValidatePostSize.php(27): Illuminate\\Pipeline\\Pipeline->Illuminate\\Pipeline\\{closure}(Object(Illuminate\\Http\\Request))
#33 C:\\wamp64\\www\\uplApp\\vendor\\laravel\\framework\\src\\Illuminate\\Pipeline\\Pipeline.php(171): Illuminate\\Foundation\\Http\\Middleware\\ValidatePostSize->handle(Object(Illuminate\\Http\\Request), Object(Closure))
#34 C:\\wamp64\\www\\uplApp\\vendor\\laravel\\framework\\src\\Illuminate\\Foundation\\Http\\Middleware\\CheckForMaintenanceMode.php(62): Illuminate\\Pipeline\\Pipeline->Illuminate\\Pipeline\\{closure}(Object(Illuminate\\Http\\Request))
#35 C:\\wamp64\\www\\uplApp\\vendor\\laravel\\framework\\src\\Illuminate\\Pipeline\\Pipeline.php(171): Illuminate\\Foundation\\Http\\Middleware\\CheckForMaintenanceMode->handle(Object(Illuminate\\Http\\Request), Object(Closure))
#36 C:\\wamp64\\www\\uplApp\\vendor\\fideloper\\proxy\\src\\TrustProxies.php(57): Illuminate\\Pipeline\\Pipeline->Illuminate\\Pipeline\\{closure}(Object(Illuminate\\Http\\Request))
#37 C:\\wamp64\\www\\uplApp\\vendor\\laravel\\framework\\src\\Illuminate\\Pipeline\\Pipeline.php(171): Fideloper\\Proxy\\TrustProxies->handle(Object(Illuminate\\Http\\Request), Object(Closure))
#38 C:\\wamp64\\www\\uplApp\\vendor\\laravel\\framework\\src\\Illuminate\\Pipeline\\Pipeline.php(105): Illuminate\\Pipeline\\Pipeline->Illuminate\\Pipeline\\{closure}(Object(Illuminate\\Http\\Request))
#39 C:\\wamp64\\www\\uplApp\\vendor\\laravel\\framework\\src\\Illuminate\\Foundation\\Http\\Kernel.php(151): Illuminate\\Pipeline\\Pipeline->then(Object(Closure))
#40 C:\\wamp64\\www\\uplApp\\vendor\\laravel\\framework\\src\\Illuminate\\Foundation\\Http\\Kernel.php(116): Illuminate\\Foundation\\Http\\Kernel->sendRequestThroughRouter(Object(Illuminate\\Http\\Request))
#41 C:\\wamp64\\www\\uplApp\\public\\index.php(55): Illuminate\\Foundation\\Http\\Kernel->handle(Object(Illuminate\\Http\\Request))
#42 C:\\wamp64\\www\\uplApp\\server.php(21): require_once('C:\\\\wamp64\\\\www\\\\u...')
#43 {main}

[previous exception] [object] (PDOException(code: 23000): SQLSTATE[23000]: Integrity constraint violation: 1048 Column 'fname' cannot be null at C:\\wamp64\\www\\uplApp\\vendor\\laravel\\framework\\src\\Illuminate\\Database\\Connection.php:459)
[stacktrace]
#0 C:\\wamp64\\www\\uplApp\\vendor\\laravel\\framework\\src\\Illuminate\\Database\\Connection.php(459): PDOStatement->execute()
#1 C:\\wamp64\\www\\uplApp\\vendor\\laravel\\framework\\src\\Illuminate\\Database\\Connection.php(658): Illuminate\\Database\\Connection->Illuminate\\Database\\{closure}('insert into `st...', Array)
#2 C:\\wamp64\\www\\uplApp\\vendor\\laravel\\framework\\src\\Illuminate\\Database\\Connection.php(625): Illuminate\\Database\\Connection->runQueryCallback('insert into `st...', Array, Object(Closure))
#3 C:\\wamp64\\www\\uplApp\\vendor\\laravel\\framework\\src\\Illuminate\\Database\\Connection.php(460): Illuminate\\Database\\Connection->run('insert into `st...', Array, Object(Closure))
#4 C:\\wamp64\\www\\uplApp\\vendor\\laravel\\framework\\src\\Illuminate\\Database\\Connection.php(412): Illuminate\\Database\\Connection->statement('insert into `st...', Array)
#5 C:\\wamp64\\www\\uplApp\\vendor\\laravel\\framework\\src\\Illuminate\\Database\\Query\\Processors\\Processor.php(32): Illuminate\\Database\\Connection->insert('insert into `st...', Array)
#6 C:\\wamp64\\www\\uplApp\\vendor\\laravel\\framework\\src\\Illuminate\\Database\\Query\\Builder.php(2670): Illuminate\\Database\\Query\\Processors\\Processor->processInsertGetId(Object(Illuminate\\Database\\Query\\Builder), 'insert into `st...', Array, 'id')
#7 C:\\wamp64\\www\\uplApp\\vendor\\laravel\\framework\\src\\Illuminate\\Database\\Eloquent\\Builder.php(1350): Illuminate\\Database\\Query\\Builder->insertGetId(Array, 'id')
#8 C:\\wamp64\\www\\uplApp\\vendor\\laravel\\framework\\src\\Illuminate\\Database\\Eloquent\\Model.php(839): Illuminate\\Database\\Eloquent\\Builder->__call('insertGetId', Array)
#9 C:\\wamp64\\www\\uplApp\\vendor\\laravel\\framework\\src\\Illuminate\\Database\\Eloquent\\Model.php(804): Illuminate\\Database\\Eloquent\\Model->insertAndSetId(Object(Illuminate\\Database\\Eloquent\\Builder), Array)
#10 C:\\wamp64\\www\\uplApp\\vendor\\laravel\\framework\\src\\Illuminate\\Database\\Eloquent\\Model.php(667): Illuminate\\Database\\Eloquent\\Model->performInsert(Object(Illuminate\\Database\\Eloquent\\Builder))
#11 C:\\wamp64\\www\\uplApp\\app\\Http\\Controllers\\StaffApiController.php(20): Illuminate\\Database\\Eloquent\\Model->save()
#12 [internal function]: App\\Http\\Controllers\\StaffApiController->create(Object(Illuminate\\Http\\Request))
#13 C:\\wamp64\\www\\uplApp\\vendor\\laravel\\framework\\src\\Illuminate\\Routing\\Controller.php(54): call_user_func_array(Array, Array)
#14 C:\\wamp64\\www\\uplApp\\vendor\\laravel\\framework\\src\\Illuminate\\Routing\\ControllerDispatcher.php(45): Illuminate\\Routing\\Controller->callAction('create', Array)
#15 C:\\wamp64\\www\\uplApp\\vendor\\laravel\\framework\\src\\Illuminate\\Routing\\Route.php(219): Illuminate\\Routing\\ControllerDispatcher->dispatch(Object(Illuminate\\Routing\\Route), Object(App\\Http\\Controllers\\StaffApiController), 'create')
#16 C:\\wamp64\\www\\uplApp\\vendor\\laravel\\framework\\src\\Illuminate\\Routing\\Route.php(176): Illuminate\\Routing\\Route->runController()
#17 C:\\wamp64\\www\\uplApp\\vendor\\laravel\\framework\\src\\Illuminate\\Routing\\Router.php(680): Illuminate\\Routing\\Route->run()
#18 C:\\wamp64\\www\\uplApp\\vendor\\laravel\\framework\\src\\Illuminate\\Pipeline\\Pipeline.php(130): Illuminate\\Routing\\Router->Illuminate\\Routing\\{closure}(Object(Illuminate\\Http\\Request))
#19 C:\\wamp64\\www\\uplApp\\vendor\\laravel\\framework\\src\\Illuminate\\Routing\\Middleware\\SubstituteBindings.php(41): Illuminate\\Pipeline\\Pipeline->Illuminate\\Pipeline\\{closure}(Object(Illuminate\\Http\\Request))
#20 C:\\wamp64\\www\\uplApp\\vendor\\laravel\\framework\\src\\Illuminate\\Pipeline\\Pipeline.php(171): Illuminate\\Routing\\Middleware\\SubstituteBindings->handle(Object(Illuminate\\Http\\Request), Object(Closure))
#21 C:\\wamp64\\www\\uplApp\\vendor\\laravel\\framework\\src\\Illuminate\\Routing\\Middleware\\ThrottleRequests.php(59): Illuminate\\Pipeline\\Pipeline->Illuminate\\Pipeline\\{closure}(Object(Illuminate\\Http\\Request))
#22 C:\\wamp64\\www\\uplApp\\vendor\\laravel\\framework\\src\\Illuminate\\Pipeline\\Pipeline.php(171): Illuminate\\Routing\\Middleware\\ThrottleRequests->handle(Object(Illuminate\\Http\\Request), Object(Closure), 60, '1')
#23 C:\\wamp64\\www\\uplApp\\vendor\\laravel\\framework\\src\\Illuminate\\Pipeline\\Pipeline.php(105): Illuminate\\Pipeline\\Pipeline->Illuminate\\Pipeline\\{closure}(Object(Illuminate\\Http\\Request))
#24 C:\\wamp64\\www\\uplApp\\vendor\\laravel\\framework\\src\\Illuminate\\Routing\\Router.php(682): Illuminate\\Pipeline\\Pipeline->then(Object(Closure))
#25 C:\\wamp64\\www\\uplApp\\vendor\\laravel\\framework\\src\\Illuminate\\Routing\\Router.php(657): Illuminate\\Routing\\Router->runRouteWithinStack(Object(Illuminate\\Routing\\Route), Object(Illuminate\\Http\\Request))
#26 C:\\wamp64\\www\\uplApp\\vendor\\laravel\\framework\\src\\Illuminate\\Routing\\Router.php(623): Illuminate\\Routing\\Router->runRoute(Object(Illuminate\\Http\\Request), Object(Illuminate\\Routing\\Route))
#27 C:\\wamp64\\www\\uplApp\\vendor\\laravel\\framework\\src\\Illuminate\\Routing\\Router.php(612): Illuminate\\Routing\\Router->dispatchToRoute(Object(Illuminate\\Http\\Request))
#28 C:\\wamp64\\www\\uplApp\\vendor\\laravel\\framework\\src\\Illuminate\\Foundation\\Http\\Kernel.php(176): Illuminate\\Routing\\Router->dispatch(Object(Illuminate\\Http\\Request))
#29 C:\\wamp64\\www\\uplApp\\vendor\\laravel\\framework\\src\\Illuminate\\Pipeline\\Pipeline.php(130): Illuminate\\Foundation\\Http\\Kernel->Illuminate\\Foundation\\Http\\{closure}(Object(Illuminate\\Http\\Request))
#30 C:\\wamp64\\www\\uplApp\\vendor\\laravel\\framework\\src\\Illuminate\\Foundation\\Http\\Middleware\\TransformsRequest.php(21): Illuminate\\Pipeline\\Pipeline->Illuminate\\Pipeline\\{closure}(Object(Illuminate\\Http\\Request))
#31 C:\\wamp64\\www\\uplApp\\vendor\\laravel\\framework\\src\\Illuminate\\Pipeline\\Pipeline.php(171): Illuminate\\Foundation\\Http\\Middleware\\TransformsRequest->handle(Object(Illuminate\\Http\\Request), Object(Closure))
#32 C:\\wamp64\\www\\uplApp\\vendor\\laravel\\framework\\src\\Illuminate\\Foundation\\Http\\Middleware\\TransformsRequest.php(21): Illuminate\\Pipeline\\Pipeline->Illuminate\\Pipeline\\{closure}(Object(Illuminate\\Http\\Request))
#33 C:\\wamp64\\www\\uplApp\\vendor\\laravel\\framework\\src\\Illuminate\\Pipeline\\Pipeline.php(171): Illuminate\\Foundation\\Http\\Middleware\\TransformsRequest->handle(Object(Illuminate\\Http\\Request), Object(Closure))
#34 C:\\wamp64\\www\\uplApp\\vendor\\laravel\\framework\\src\\Illuminate\\Foundation\\Http\\Middleware\\ValidatePostSize.php(27): Illuminate\\Pipeline\\Pipeline->Illuminate\\Pipeline\\{closure}(Object(Illuminate\\Http\\Request))
#35 C:\\wamp64\\www\\uplApp\\vendor\\laravel\\framework\\src\\Illuminate\\Pipeline\\Pipeline.php(171): Illuminate\\Foundation\\Http\\Middleware\\ValidatePostSize->handle(Object(Illuminate\\Http\\Request), Object(Closure))
#36 C:\\wamp64\\www\\uplApp\\vendor\\laravel\\framework\\src\\Illuminate\\Foundation\\Http\\Middleware\\CheckForMaintenanceMode.php(62): Illuminate\\Pipeline\\Pipeline->Illuminate\\Pipeline\\{closure}(Object(Illuminate\\Http\\Request))
#37 C:\\wamp64\\www\\uplApp\\vendor\\laravel\\framework\\src\\Illuminate\\Pipeline\\Pipeline.php(171): Illuminate\\Foundation\\Http\\Middleware\\CheckForMaintenanceMode->handle(Object(Illuminate\\Http\\Request), Object(Closure))
#38 C:\\wamp64\\www\\uplApp\\vendor\\fideloper\\proxy\\src\\TrustProxies.php(57): Illuminate\\Pipeline\\Pipeline->Illuminate\\Pipeline\\{closure}(Object(Illuminate\\Http\\Request))
#39 C:\\wamp64\\www\\uplApp\\vendor\\laravel\\framework\\src\\Illuminate\\Pipeline\\Pipeline.php(171): Fideloper\\Proxy\\TrustProxies->handle(Object(Illuminate\\Http\\Request), Object(Closure))
#40 C:\\wamp64\\www\\uplApp\\vendor\\laravel\\framework\\src\\Illuminate\\Pipeline\\Pipeline.php(105): Illuminate\\Pipeline\\Pipeline->Illuminate\\Pipeline\\{closure}(Object(Illuminate\\Http\\Request))
#41 C:\\wamp64\\www\\uplApp\\vendor\\laravel\\framework\\src\\Illuminate\\Foundation\\Http\\Kernel.php(151): Illuminate\\Pipeline\\Pipeline->then(Object(Closure))
#42 C:\\wamp64\\www\\uplApp\\vendor\\laravel\\framework\\src\\Illuminate\\Foundation\\Http\\Kernel.php(116): Illuminate\\Foundation\\Http\\Kernel->sendRequestThroughRouter(Object(Illuminate\\Http\\Request))
#43 C:\\wamp64\\www\\uplApp\\public\\index.php(55): Illuminate\\Foundation\\Http\\Kernel->handle(Object(Illuminate\\Http\\Request))
#44 C:\\wamp64\\www\\uplApp\\server.php(21): require_once('C:\\\\wamp64\\\\www\\\\u...')
#45 {main}
"} 
